{"C:\\Users\\Asus\\Desktop\\HCK82\\FASE 2\\W3\\IP-FIKRI\\server\\app.js": {"path":"C:\\Users\\Asus\\Desktop\\HCK82\\FASE 2\\W3\\IP-FIKRI\\server\\app.js","statementMap":{"0":{"start":{"line":1,"column":0},"end":{"line":3,"column":1}},"1":{"start":{"line":2,"column":2},"end":{"line":2,"column":29}},"2":{"start":{"line":5,"column":16},"end":{"line":5,"column":34}},"3":{"start":{"line":6,"column":12},"end":{"line":6,"column":21}},"4":{"start":{"line":7,"column":23},"end":{"line":7,"column":62}},"5":{"start":{"line":8,"column":21},"end":{"line":8,"column":58}},"6":{"start":{"line":9,"column":13},"end":{"line":9,"column":28}},"7":{"start":{"line":10,"column":14},"end":{"line":10,"column":30}},"8":{"start":{"line":14,"column":4},"end":{"line":14,"column":42}},"9":{"start":{"line":16,"column":23},"end":{"line":16,"column":62}},"10":{"start":{"line":17,"column":29},"end":{"line":17,"column":74}},"11":{"start":{"line":18,"column":25},"end":{"line":18,"column":66}},"12":{"start":{"line":19,"column":23},"end":{"line":19,"column":62}},"13":{"start":{"line":22,"column":0},"end":{"line":22,"column":16}},"14":{"start":{"line":24,"column":0},"end":{"line":24,"column":49}},"15":{"start":{"line":25,"column":0},"end":{"line":25,"column":24}},"16":{"start":{"line":27,"column":0},"end":{"line":29,"column":3}},"17":{"start":{"line":28,"column":2},"end":{"line":28,"column":27}},"18":{"start":{"line":32,"column":0},"end":{"line":32,"column":47}},"19":{"start":{"line":35,"column":0},"end":{"line":35,"column":41}},"20":{"start":{"line":38,"column":0},"end":{"line":38,"column":54}},"21":{"start":{"line":41,"column":0},"end":{"line":41,"column":24}},"22":{"start":{"line":44,"column":0},"end":{"line":44,"column":54}},"23":{"start":{"line":45,"column":0},"end":{"line":49,"column":2}},"24":{"start":{"line":50,"column":0},"end":{"line":54,"column":2}},"25":{"start":{"line":55,"column":0},"end":{"line":59,"column":2}},"26":{"start":{"line":60,"column":0},"end":{"line":64,"column":2}},"27":{"start":{"line":67,"column":0},"end":{"line":67,"column":68}},"28":{"start":{"line":70,"column":0},"end":{"line":70,"column":63}},"29":{"start":{"line":71,"column":0},"end":{"line":71,"column":62}},"30":{"start":{"line":74,"column":0},"end":{"line":74,"column":22}},"31":{"start":{"line":76,"column":0},"end":{"line":76,"column":21}}},"fnMap":{"0":{"name":"(anonymous_0)","decl":{"start":{"line":27,"column":13},"end":{"line":27,"column":14}},"loc":{"start":{"line":27,"column":27},"end":{"line":29,"column":1}},"line":27}},"branchMap":{"0":{"loc":{"start":{"line":1,"column":0},"end":{"line":3,"column":1}},"type":"if","locations":[{"start":{"line":1,"column":0},"end":{"line":3,"column":1}},{"start":{},"end":{}}],"line":1}},"s":{"0":11,"1":9,"2":11,"3":11,"4":11,"5":9,"6":9,"7":9,"8":9,"9":9,"10":9,"11":9,"12":9,"13":9,"14":9,"15":9,"16":9,"17":3,"18":9,"19":9,"20":9,"21":9,"22":9,"23":9,"24":9,"25":9,"26":9,"27":9,"28":9,"29":9,"30":9,"31":9},"f":{"0":3},"b":{"0":[9,2]},"_coverageSchema":"1a1c01bbd47fc00a2c39e90264f33305004495a9","hash":"66b0bd20df2ad76d55b6a7bd22e5c8afaf6c2b66"}
,"C:\\Users\\Asus\\Desktop\\HCK82\\FASE 2\\W3\\IP-FIKRI\\server\\controllers\\AuthController.js": {"path":"C:\\Users\\Asus\\Desktop\\HCK82\\FASE 2\\W3\\IP-FIKRI\\server\\controllers\\AuthController.js","statementMap":{"0":{"start":{"line":1,"column":17},"end":{"line":1,"column":37}},"1":{"start":{"line":2,"column":22},"end":{"line":2,"column":47}},"2":{"start":{"line":3,"column":28},"end":{"line":3,"column":56}},"3":{"start":{"line":4,"column":30},"end":{"line":4,"column":63}},"4":{"start":{"line":8,"column":4},"end":{"line":18,"column":5}},"5":{"start":{"line":9,"column":34},"end":{"line":9,"column":42}},"6":{"start":{"line":10,"column":22},"end":{"line":10,"column":60}},"7":{"start":{"line":12,"column":6},"end":{"line":15,"column":9}},"8":{"start":{"line":17,"column":6},"end":{"line":17,"column":18}},"9":{"start":{"line":22,"column":4},"end":{"line":47,"column":5}},"10":{"start":{"line":23,"column":34},"end":{"line":23,"column":42}},"11":{"start":{"line":25,"column":6},"end":{"line":27,"column":7}},"12":{"start":{"line":26,"column":8},"end":{"line":26,"column":67}},"13":{"start":{"line":29,"column":6},"end":{"line":31,"column":7}},"14":{"start":{"line":30,"column":8},"end":{"line":30,"column":70}},"15":{"start":{"line":33,"column":19},"end":{"line":33,"column":59}},"16":{"start":{"line":35,"column":6},"end":{"line":37,"column":7}},"17":{"start":{"line":36,"column":8},"end":{"line":36,"column":74}},"18":{"start":{"line":39,"column":27},"end":{"line":42,"column":8}},"19":{"start":{"line":44,"column":6},"end":{"line":44,"column":59}},"20":{"start":{"line":46,"column":6},"end":{"line":46,"column":18}},"21":{"start":{"line":51,"column":4},"end":{"line":84,"column":5}},"22":{"start":{"line":52,"column":24},"end":{"line":52,"column":32}},"23":{"start":{"line":54,"column":6},"end":{"line":56,"column":7}},"24":{"start":{"line":55,"column":8},"end":{"line":55,"column":74}},"25":{"start":{"line":59,"column":23},"end":{"line":59,"column":53}},"26":{"start":{"line":62,"column":17},"end":{"line":62,"column":73}},"27":{"start":{"line":65,"column":6},"end":{"line":73,"column":7}},"28":{"start":{"line":67,"column":31},"end":{"line":67,"column":67}},"29":{"start":{"line":69,"column":8},"end":{"line":72,"column":11}},"30":{"start":{"line":76,"column":27},"end":{"line":79,"column":8}},"31":{"start":{"line":81,"column":6},"end":{"line":81,"column":45}},"32":{"start":{"line":83,"column":6},"end":{"line":83,"column":18}},"33":{"start":{"line":88,"column":0},"end":{"line":88,"column":32}}},"fnMap":{"0":{"name":"(anonymous_0)","decl":{"start":{"line":7,"column":2},"end":{"line":7,"column":3}},"loc":{"start":{"line":7,"column":40},"end":{"line":19,"column":3}},"line":7},"1":{"name":"(anonymous_1)","decl":{"start":{"line":21,"column":2},"end":{"line":21,"column":3}},"loc":{"start":{"line":21,"column":37},"end":{"line":48,"column":3}},"line":21},"2":{"name":"(anonymous_2)","decl":{"start":{"line":50,"column":2},"end":{"line":50,"column":3}},"loc":{"start":{"line":50,"column":43},"end":{"line":85,"column":3}},"line":50}},"branchMap":{"0":{"loc":{"start":{"line":25,"column":6},"end":{"line":27,"column":7}},"type":"if","locations":[{"start":{"line":25,"column":6},"end":{"line":27,"column":7}},{"start":{},"end":{}}],"line":25},"1":{"loc":{"start":{"line":29,"column":6},"end":{"line":31,"column":7}},"type":"if","locations":[{"start":{"line":29,"column":6},"end":{"line":31,"column":7}},{"start":{},"end":{}}],"line":29},"2":{"loc":{"start":{"line":35,"column":6},"end":{"line":37,"column":7}},"type":"if","locations":[{"start":{"line":35,"column":6},"end":{"line":37,"column":7}},{"start":{},"end":{}}],"line":35},"3":{"loc":{"start":{"line":35,"column":10},"end":{"line":35,"column":60}},"type":"binary-expr","locations":[{"start":{"line":35,"column":10},"end":{"line":35,"column":15}},{"start":{"line":35,"column":19},"end":{"line":35,"column":60}}],"line":35},"4":{"loc":{"start":{"line":54,"column":6},"end":{"line":56,"column":7}},"type":"if","locations":[{"start":{"line":54,"column":6},"end":{"line":56,"column":7}},{"start":{},"end":{}}],"line":54},"5":{"loc":{"start":{"line":65,"column":6},"end":{"line":73,"column":7}},"type":"if","locations":[{"start":{"line":65,"column":6},"end":{"line":73,"column":7}},{"start":{},"end":{}}],"line":65}},"s":{"0":9,"1":9,"2":9,"3":9,"4":8,"5":8,"6":8,"7":2,"8":6,"9":10,"10":10,"11":10,"12":2,"13":8,"14":2,"15":6,"16":6,"17":4,"18":2,"19":2,"20":8,"21":0,"22":0,"23":0,"24":0,"25":0,"26":0,"27":0,"28":0,"29":0,"30":0,"31":0,"32":0,"33":9},"f":{"0":8,"1":10,"2":0},"b":{"0":[2,8],"1":[2,6],"2":[4,2],"3":[6,4],"4":[0,0],"5":[0,0]},"_coverageSchema":"1a1c01bbd47fc00a2c39e90264f33305004495a9","hash":"5a30311a85e09470d34f7d66eaa551f6e1205bbf"}
,"C:\\Users\\Asus\\Desktop\\HCK82\\FASE 2\\W3\\IP-FIKRI\\server\\controllers\\CollectionController.js": {"path":"C:\\Users\\Asus\\Desktop\\HCK82\\FASE 2\\W3\\IP-FIKRI\\server\\controllers\\CollectionController.js","statementMap":{"0":{"start":{"line":1,"column":23},"end":{"line":1,"column":43}},"1":{"start":{"line":5,"column":4},"end":{"line":14,"column":5}},"2":{"start":{"line":6,"column":22},"end":{"line":6,"column":37}},"3":{"start":{"line":7,"column":6},"end":{"line":7,"column":35}},"4":{"start":{"line":9,"column":25},"end":{"line":9,"column":57}},"5":{"start":{"line":11,"column":6},"end":{"line":11,"column":39}},"6":{"start":{"line":13,"column":6},"end":{"line":13,"column":18}},"7":{"start":{"line":18,"column":4},"end":{"line":24,"column":5}},"8":{"start":{"line":19,"column":25},"end":{"line":19,"column":35}},"9":{"start":{"line":20,"column":26},"end":{"line":20,"column":73}},"10":{"start":{"line":21,"column":6},"end":{"line":21,"column":40}},"11":{"start":{"line":23,"column":6},"end":{"line":23,"column":18}},"12":{"start":{"line":28,"column":4},"end":{"line":43,"column":5}},"13":{"start":{"line":29,"column":27},"end":{"line":29,"column":41}},"14":{"start":{"line":31,"column":25},"end":{"line":31,"column":64}},"15":{"start":{"line":33,"column":6},"end":{"line":38,"column":7}},"16":{"start":{"line":34,"column":8},"end":{"line":37,"column":10}},"17":{"start":{"line":40,"column":6},"end":{"line":40,"column":39}},"18":{"start":{"line":42,"column":6},"end":{"line":42,"column":18}},"19":{"start":{"line":47,"column":4},"end":{"line":70,"column":5}},"20":{"start":{"line":48,"column":6},"end":{"line":48,"column":27}},"21":{"start":{"line":50,"column":27},"end":{"line":50,"column":41}},"22":{"start":{"line":51,"column":6},"end":{"line":51,"column":32}},"23":{"start":{"line":53,"column":25},"end":{"line":53,"column":64}},"24":{"start":{"line":55,"column":6},"end":{"line":60,"column":7}},"25":{"start":{"line":56,"column":8},"end":{"line":59,"column":10}},"26":{"start":{"line":62,"column":6},"end":{"line":62,"column":40}},"27":{"start":{"line":64,"column":6},"end":{"line":67,"column":9}},"28":{"start":{"line":69,"column":6},"end":{"line":69,"column":18}},"29":{"start":{"line":74,"column":4},"end":{"line":91,"column":5}},"30":{"start":{"line":75,"column":27},"end":{"line":75,"column":41}},"31":{"start":{"line":77,"column":25},"end":{"line":77,"column":64}},"32":{"start":{"line":78,"column":6},"end":{"line":83,"column":7}},"33":{"start":{"line":79,"column":8},"end":{"line":82,"column":10}},"34":{"start":{"line":85,"column":6},"end":{"line":85,"column":33}},"35":{"start":{"line":86,"column":6},"end":{"line":88,"column":9}},"36":{"start":{"line":90,"column":6},"end":{"line":90,"column":18}},"37":{"start":{"line":95,"column":0},"end":{"line":95,"column":38}}},"fnMap":{"0":{"name":"(anonymous_0)","decl":{"start":{"line":4,"column":2},"end":{"line":4,"column":3}},"loc":{"start":{"line":4,"column":38},"end":{"line":15,"column":3}},"line":4},"1":{"name":"(anonymous_1)","decl":{"start":{"line":17,"column":2},"end":{"line":17,"column":3}},"loc":{"start":{"line":17,"column":39},"end":{"line":25,"column":3}},"line":17},"2":{"name":"(anonymous_2)","decl":{"start":{"line":27,"column":2},"end":{"line":27,"column":3}},"loc":{"start":{"line":27,"column":39},"end":{"line":44,"column":3}},"line":27},"3":{"name":"(anonymous_3)","decl":{"start":{"line":46,"column":2},"end":{"line":46,"column":3}},"loc":{"start":{"line":46,"column":38},"end":{"line":71,"column":3}},"line":46},"4":{"name":"(anonymous_4)","decl":{"start":{"line":73,"column":2},"end":{"line":73,"column":3}},"loc":{"start":{"line":73,"column":38},"end":{"line":92,"column":3}},"line":73}},"branchMap":{"0":{"loc":{"start":{"line":33,"column":6},"end":{"line":38,"column":7}},"type":"if","locations":[{"start":{"line":33,"column":6},"end":{"line":38,"column":7}},{"start":{},"end":{}}],"line":33},"1":{"loc":{"start":{"line":55,"column":6},"end":{"line":60,"column":7}},"type":"if","locations":[{"start":{"line":55,"column":6},"end":{"line":60,"column":7}},{"start":{},"end":{}}],"line":55},"2":{"loc":{"start":{"line":78,"column":6},"end":{"line":83,"column":7}},"type":"if","locations":[{"start":{"line":78,"column":6},"end":{"line":83,"column":7}},{"start":{},"end":{}}],"line":78}},"s":{"0":9,"1":6,"2":6,"3":6,"4":6,"5":3,"6":3,"7":4,"8":4,"9":4,"10":3,"11":1,"12":0,"13":0,"14":0,"15":0,"16":0,"17":0,"18":0,"19":4,"20":4,"21":4,"22":4,"23":4,"24":4,"25":1,"26":3,"27":3,"28":1,"29":6,"30":6,"31":6,"32":6,"33":3,"34":3,"35":3,"36":3,"37":9},"f":{"0":6,"1":4,"2":0,"3":4,"4":6},"b":{"0":[0,0],"1":[1,3],"2":[3,3]},"_coverageSchema":"1a1c01bbd47fc00a2c39e90264f33305004495a9","hash":"a4a01fbfbce449077ce5f989fd2a18d88cf74a1c"}
,"C:\\Users\\Asus\\Desktop\\HCK82\\FASE 2\\W3\\IP-FIKRI\\server\\controllers\\GeminiController.js": {"path":"C:\\Users\\Asus\\Desktop\\HCK82\\FASE 2\\W3\\IP-FIKRI\\server\\controllers\\GeminiController.js","statementMap":{"0":{"start":{"line":1,"column":21},"end":{"line":1,"column":49}},"1":{"start":{"line":5,"column":4},"end":{"line":19,"column":5}},"2":{"start":{"line":6,"column":25},"end":{"line":6,"column":33}},"3":{"start":{"line":8,"column":6},"end":{"line":10,"column":7}},"4":{"start":{"line":9,"column":8},"end":{"line":9,"column":68}},"5":{"start":{"line":12,"column":31},"end":{"line":12,"column":73}},"6":{"start":{"line":14,"column":6},"end":{"line":16,"column":9}},"7":{"start":{"line":18,"column":6},"end":{"line":18,"column":18}},"8":{"start":{"line":23,"column":4},"end":{"line":37,"column":5}},"9":{"start":{"line":24,"column":27},"end":{"line":24,"column":35}},"10":{"start":{"line":26,"column":6},"end":{"line":28,"column":7}},"11":{"start":{"line":27,"column":8},"end":{"line":27,"column":71}},"12":{"start":{"line":30,"column":22},"end":{"line":30,"column":60}},"13":{"start":{"line":32,"column":6},"end":{"line":34,"column":9}},"14":{"start":{"line":36,"column":6},"end":{"line":36,"column":18}},"15":{"start":{"line":41,"column":0},"end":{"line":41,"column":34}}},"fnMap":{"0":{"name":"(anonymous_0)","decl":{"start":{"line":4,"column":2},"end":{"line":4,"column":3}},"loc":{"start":{"line":4,"column":47},"end":{"line":20,"column":3}},"line":4},"1":{"name":"(anonymous_1)","decl":{"start":{"line":22,"column":2},"end":{"line":22,"column":3}},"loc":{"start":{"line":22,"column":45},"end":{"line":38,"column":3}},"line":22}},"branchMap":{"0":{"loc":{"start":{"line":8,"column":6},"end":{"line":10,"column":7}},"type":"if","locations":[{"start":{"line":8,"column":6},"end":{"line":10,"column":7}},{"start":{},"end":{}}],"line":8},"1":{"loc":{"start":{"line":26,"column":6},"end":{"line":28,"column":7}},"type":"if","locations":[{"start":{"line":26,"column":6},"end":{"line":28,"column":7}},{"start":{},"end":{}}],"line":26}},"s":{"0":9,"1":4,"2":4,"3":4,"4":2,"5":2,"6":1,"7":3,"8":4,"9":4,"10":4,"11":2,"12":2,"13":1,"14":3,"15":9},"f":{"0":4,"1":4},"b":{"0":[2,2],"1":[2,2]},"_coverageSchema":"1a1c01bbd47fc00a2c39e90264f33305004495a9","hash":"b716f408bbb5b9c8b0d0c0827de17eb30ecdc4ec"}
,"C:\\Users\\Asus\\Desktop\\HCK82\\FASE 2\\W3\\IP-FIKRI\\server\\controllers\\NewsController.js": {"path":"C:\\Users\\Asus\\Desktop\\HCK82\\FASE 2\\W3\\IP-FIKRI\\server\\controllers\\NewsController.js","statementMap":{"0":{"start":{"line":1,"column":14},"end":{"line":1,"column":30}},"1":{"start":{"line":2,"column":23},"end":{"line":2,"column":43}},"2":{"start":{"line":3,"column":21},"end":{"line":3,"column":49}},"3":{"start":{"line":4,"column":19},"end":{"line":4,"column":51}},"4":{"start":{"line":8,"column":4},"end":{"line":148,"column":5}},"5":{"start":{"line":9,"column":21},"end":{"line":9,"column":32}},"6":{"start":{"line":10,"column":6},"end":{"line":10,"column":38}},"7":{"start":{"line":13,"column":26},"end":{"line":13,"column":73}},"8":{"start":{"line":14,"column":6},"end":{"line":14,"column":60}},"9":{"start":{"line":16,"column":6},"end":{"line":22,"column":7}},"10":{"start":{"line":17,"column":8},"end":{"line":21,"column":10}},"11":{"start":{"line":25,"column":31},"end":{"line":25,"column":66}},"12":{"start":{"line":26,"column":6},"end":{"line":26,"column":74}},"13":{"start":{"line":29,"column":6},"end":{"line":39,"column":7}},"14":{"start":{"line":34,"column":8},"end":{"line":38,"column":10}},"15":{"start":{"line":41,"column":43},"end":{"line":41,"column":59}},"16":{"start":{"line":44,"column":26},"end":{"line":44,"column":64}},"17":{"start":{"line":45,"column":6},"end":{"line":45,"column":48}},"18":{"start":{"line":48,"column":27},"end":{"line":48,"column":67}},"19":{"start":{"line":49,"column":6},"end":{"line":49,"column":50}},"20":{"start":{"line":52,"column":21},"end":{"line":52,"column":51}},"21":{"start":{"line":54,"column":6},"end":{"line":61,"column":7}},"22":{"start":{"line":55,"column":8},"end":{"line":55,"column":63}},"23":{"start":{"line":56,"column":8},"end":{"line":60,"column":11}},"24":{"start":{"line":64,"column":21},"end":{"line":64,"column":148}},"25":{"start":{"line":66,"column":6},"end":{"line":66,"column":38}},"26":{"start":{"line":68,"column":6},"end":{"line":144,"column":7}},"27":{"start":{"line":69,"column":25},"end":{"line":69,"column":48}},"28":{"start":{"line":70,"column":8},"end":{"line":70,"column":61}},"29":{"start":{"line":71,"column":8},"end":{"line":71,"column":75}},"30":{"start":{"line":74,"column":29},"end":{"line":74,"column":53}},"31":{"start":{"line":77,"column":8},"end":{"line":83,"column":9}},"32":{"start":{"line":78,"column":10},"end":{"line":82,"column":13}},"33":{"start":{"line":86,"column":31},"end":{"line":86,"column":33}},"34":{"start":{"line":87,"column":8},"end":{"line":109,"column":9}},"35":{"start":{"line":88,"column":31},"end":{"line":96,"column":12}},"36":{"start":{"line":89,"column":12},"end":{"line":95,"column":14}},"37":{"start":{"line":98,"column":25},"end":{"line":101,"column":68}},"38":{"start":{"line":104,"column":10},"end":{"line":104,"column":72}},"39":{"start":{"line":106,"column":10},"end":{"line":106,"column":70}},"40":{"start":{"line":107,"column":10},"end":{"line":108,"column":65}},"41":{"start":{"line":112,"column":8},"end":{"line":120,"column":11}},"42":{"start":{"line":122,"column":8},"end":{"line":122,"column":64}},"43":{"start":{"line":123,"column":8},"end":{"line":126,"column":9}},"44":{"start":{"line":124,"column":10},"end":{"line":124,"column":71}},"45":{"start":{"line":125,"column":10},"end":{"line":125,"column":67}},"46":{"start":{"line":129,"column":8},"end":{"line":136,"column":9}},"47":{"start":{"line":130,"column":10},"end":{"line":130,"column":79}},"48":{"start":{"line":131,"column":10},"end":{"line":135,"column":13}},"49":{"start":{"line":138,"column":8},"end":{"line":143,"column":10}},"50":{"start":{"line":146,"column":6},"end":{"line":146,"column":57}},"51":{"start":{"line":147,"column":6},"end":{"line":147,"column":18}},"52":{"start":{"line":154,"column":22},"end":{"line":154,"column":29}},"53":{"start":{"line":155,"column":4},"end":{"line":161,"column":5}},"54":{"start":{"line":156,"column":28},"end":{"line":156,"column":56}},"55":{"start":{"line":157,"column":27},"end":{"line":157,"column":72}},"56":{"start":{"line":157,"column":53},"end":{"line":157,"column":71}},"57":{"start":{"line":158,"column":6},"end":{"line":160,"column":7}},"58":{"start":{"line":159,"column":8},"end":{"line":159,"column":43}},"59":{"start":{"line":164,"column":23},"end":{"line":164,"column":31}},"60":{"start":{"line":165,"column":4},"end":{"line":171,"column":5}},"61":{"start":{"line":166,"column":28},"end":{"line":166,"column":57}},"62":{"start":{"line":167,"column":28},"end":{"line":167,"column":74}},"63":{"start":{"line":167,"column":54},"end":{"line":167,"column":73}},"64":{"start":{"line":168,"column":6},"end":{"line":170,"column":7}},"65":{"start":{"line":169,"column":8},"end":{"line":169,"column":46}},"66":{"start":{"line":173,"column":4},"end":{"line":218,"column":6}},"67":{"start":{"line":223,"column":4},"end":{"line":223,"column":34}},"68":{"start":{"line":223,"column":22},"end":{"line":223,"column":34}},"69":{"start":{"line":224,"column":23},"end":{"line":224,"column":50}},"70":{"start":{"line":225,"column":4},"end":{"line":225,"column":43}},"71":{"start":{"line":230,"column":4},"end":{"line":230,"column":35}},"72":{"start":{"line":230,"column":23},"end":{"line":230,"column":35}},"73":{"start":{"line":231,"column":24},"end":{"line":231,"column":52}},"74":{"start":{"line":232,"column":4},"end":{"line":232,"column":45}},"75":{"start":{"line":236,"column":0},"end":{"line":236,"column":32}}},"fnMap":{"0":{"name":"(anonymous_0)","decl":{"start":{"line":7,"column":2},"end":{"line":7,"column":3}},"loc":{"start":{"line":7,"column":50},"end":{"line":149,"column":3}},"line":7},"1":{"name":"(anonymous_1)","decl":{"start":{"line":88,"column":48},"end":{"line":88,"column":49}},"loc":{"start":{"line":88,"column":62},"end":{"line":96,"column":11}},"line":88},"2":{"name":"(anonymous_2)","decl":{"start":{"line":152,"column":2},"end":{"line":152,"column":3}},"loc":{"start":{"line":152,"column":52},"end":{"line":219,"column":3}},"line":152},"3":{"name":"(anonymous_3)","decl":{"start":{"line":157,"column":46},"end":{"line":157,"column":47}},"loc":{"start":{"line":157,"column":53},"end":{"line":157,"column":71}},"line":157},"4":{"name":"(anonymous_4)","decl":{"start":{"line":167,"column":47},"end":{"line":167,"column":48}},"loc":{"start":{"line":167,"column":54},"end":{"line":167,"column":73}},"line":167},"5":{"name":"(anonymous_5)","decl":{"start":{"line":222,"column":2},"end":{"line":222,"column":3}},"loc":{"start":{"line":222,"column":37},"end":{"line":226,"column":3}},"line":222},"6":{"name":"(anonymous_6)","decl":{"start":{"line":229,"column":2},"end":{"line":229,"column":3}},"loc":{"start":{"line":229,"column":39},"end":{"line":233,"column":3}},"line":229}},"branchMap":{"0":{"loc":{"start":{"line":16,"column":6},"end":{"line":22,"column":7}},"type":"if","locations":[{"start":{"line":16,"column":6},"end":{"line":22,"column":7}},{"start":{},"end":{}}],"line":16},"1":{"loc":{"start":{"line":29,"column":6},"end":{"line":39,"column":7}},"type":"if","locations":[{"start":{"line":29,"column":6},"end":{"line":39,"column":7}},{"start":{},"end":{}}],"line":29},"2":{"loc":{"start":{"line":30,"column":8},"end":{"line":32,"column":31}},"type":"binary-expr","locations":[{"start":{"line":30,"column":8},"end":{"line":30,"column":33}},{"start":{"line":31,"column":8},"end":{"line":31,"column":34}},{"start":{"line":32,"column":8},"end":{"line":32,"column":31}}],"line":30},"3":{"loc":{"start":{"line":54,"column":6},"end":{"line":61,"column":7}},"type":"if","locations":[{"start":{"line":54,"column":6},"end":{"line":61,"column":7}},{"start":{},"end":{}}],"line":54},"4":{"loc":{"start":{"line":74,"column":29},"end":{"line":74,"column":53}},"type":"binary-expr","locations":[{"start":{"line":74,"column":29},"end":{"line":74,"column":47}},{"start":{"line":74,"column":51},"end":{"line":74,"column":53}}],"line":74},"5":{"loc":{"start":{"line":77,"column":8},"end":{"line":83,"column":9}},"type":"if","locations":[{"start":{"line":77,"column":8},"end":{"line":83,"column":9}},{"start":{},"end":{}}],"line":77},"6":{"loc":{"start":{"line":91,"column":21},"end":{"line":91,"column":42}},"type":"binary-expr","locations":[{"start":{"line":91,"column":21},"end":{"line":91,"column":28}},{"start":{"line":91,"column":32},"end":{"line":91,"column":42}}],"line":91},"7":{"loc":{"start":{"line":93,"column":16},"end":{"line":94,"column":76}},"type":"binary-expr","locations":[{"start":{"line":93,"column":16},"end":{"line":93,"column":25}},{"start":{"line":94,"column":17},"end":{"line":94,"column":75}}],"line":93},"8":{"loc":{"start":{"line":94,"column":17},"end":{"line":94,"column":75}},"type":"cond-expr","locations":[{"start":{"line":94,"column":26},"end":{"line":94,"column":50}},{"start":{"line":94,"column":53},"end":{"line":94,"column":75}}],"line":94},"9":{"loc":{"start":{"line":123,"column":8},"end":{"line":126,"column":9}},"type":"if","locations":[{"start":{"line":123,"column":8},"end":{"line":126,"column":9}},{"start":{},"end":{}}],"line":123},"10":{"loc":{"start":{"line":129,"column":8},"end":{"line":136,"column":9}},"type":"if","locations":[{"start":{"line":129,"column":8},"end":{"line":136,"column":9}},{"start":{},"end":{}}],"line":129},"11":{"loc":{"start":{"line":129,"column":12},"end":{"line":129,"column":65}},"type":"binary-expr","locations":[{"start":{"line":129,"column":12},"end":{"line":129,"column":29}},{"start":{"line":129,"column":33},"end":{"line":129,"column":65}}],"line":129},"12":{"loc":{"start":{"line":141,"column":12},"end":{"line":141,"column":47}},"type":"binary-expr","locations":[{"start":{"line":141,"column":12},"end":{"line":141,"column":28}},{"start":{"line":141,"column":32},"end":{"line":141,"column":47}}],"line":141},"13":{"loc":{"start":{"line":155,"column":4},"end":{"line":161,"column":5}},"type":"if","locations":[{"start":{"line":155,"column":4},"end":{"line":161,"column":5}},{"start":{},"end":{}}],"line":155},"14":{"loc":{"start":{"line":158,"column":6},"end":{"line":160,"column":7}},"type":"if","locations":[{"start":{"line":158,"column":6},"end":{"line":160,"column":7}},{"start":{},"end":{}}],"line":158},"15":{"loc":{"start":{"line":165,"column":4},"end":{"line":171,"column":5}},"type":"if","locations":[{"start":{"line":165,"column":4},"end":{"line":171,"column":5}},{"start":{},"end":{}}],"line":165},"16":{"loc":{"start":{"line":168,"column":6},"end":{"line":170,"column":7}},"type":"if","locations":[{"start":{"line":168,"column":6},"end":{"line":170,"column":7}},{"start":{},"end":{}}],"line":168},"17":{"loc":{"start":{"line":223,"column":4},"end":{"line":223,"column":34}},"type":"if","locations":[{"start":{"line":223,"column":4},"end":{"line":223,"column":34}},{"start":{},"end":{}}],"line":223},"18":{"loc":{"start":{"line":225,"column":11},"end":{"line":225,"column":42}},"type":"binary-expr","locations":[{"start":{"line":225,"column":11},"end":{"line":225,"column":34}},{"start":{"line":225,"column":38},"end":{"line":225,"column":42}}],"line":225},"19":{"loc":{"start":{"line":230,"column":4},"end":{"line":230,"column":35}},"type":"if","locations":[{"start":{"line":230,"column":4},"end":{"line":230,"column":35}},{"start":{},"end":{}}],"line":230},"20":{"loc":{"start":{"line":232,"column":11},"end":{"line":232,"column":44}},"type":"binary-expr","locations":[{"start":{"line":232,"column":11},"end":{"line":232,"column":36}},{"start":{"line":232,"column":40},"end":{"line":232,"column":44}}],"line":232}},"s":{"0":11,"1":11,"2":11,"3":11,"4":17,"5":17,"6":17,"7":17,"8":17,"9":17,"10":2,"11":15,"12":15,"13":15,"14":3,"15":12,"16":12,"17":12,"18":12,"19":12,"20":12,"21":12,"22":1,"23":1,"24":11,"25":11,"26":11,"27":11,"28":8,"29":8,"30":8,"31":8,"32":3,"33":5,"34":5,"35":5,"36":33,"37":5,"38":5,"39":3,"40":3,"41":5,"42":3,"43":3,"44":2,"45":2,"46":3,"47":0,"48":0,"49":3,"50":8,"51":8,"52":1,"53":1,"54":0,"55":0,"56":0,"57":0,"58":0,"59":1,"60":1,"61":0,"62":0,"63":0,"64":0,"65":0,"66":1,"67":21,"68":4,"69":17,"70":17,"71":21,"72":4,"73":17,"74":17,"75":11},"f":{"0":17,"1":33,"2":1,"3":0,"4":0,"5":21,"6":21},"b":{"0":[2,15],"1":[3,12],"2":[15,12,12],"3":[1,11],"4":[8,1],"5":[3,5],"6":[33,0],"7":[33,2],"8":[2,0],"9":[2,1],"10":[0,3],"11":[3,2],"12":[3,1],"13":[0,1],"14":[0,0],"15":[0,1],"16":[0,0],"17":[4,17],"18":[17,12],"19":[4,17],"20":[17,1]},"_coverageSchema":"1a1c01bbd47fc00a2c39e90264f33305004495a9","hash":"2490d416f6463711f52c7ee83a057b1c14626ebe"}
,"C:\\Users\\Asus\\Desktop\\HCK82\\FASE 2\\W3\\IP-FIKRI\\server\\helpers\\bcrypt.js": {"path":"C:\\Users\\Asus\\Desktop\\HCK82\\FASE 2\\W3\\IP-FIKRI\\server\\helpers\\bcrypt.js","statementMap":{"0":{"start":{"line":1,"column":15},"end":{"line":1,"column":34}},"1":{"start":{"line":2,"column":21},"end":{"line":5,"column":1}},"2":{"start":{"line":3,"column":15},"end":{"line":3,"column":37}},"3":{"start":{"line":4,"column":2},"end":{"line":4,"column":41}},"4":{"start":{"line":7,"column":24},"end":{"line":9,"column":1}},"5":{"start":{"line":8,"column":2},"end":{"line":8,"column":54}},"6":{"start":{"line":11,"column":0},"end":{"line":14,"column":2}}},"fnMap":{"0":{"name":"(anonymous_0)","decl":{"start":{"line":2,"column":21},"end":{"line":2,"column":22}},"loc":{"start":{"line":2,"column":35},"end":{"line":5,"column":1}},"line":2},"1":{"name":"(anonymous_1)","decl":{"start":{"line":7,"column":24},"end":{"line":7,"column":25}},"loc":{"start":{"line":7,"column":54},"end":{"line":9,"column":1}},"line":7}},"branchMap":{},"s":{"0":12,"1":12,"2":22,"3":22,"4":12,"5":4,"6":12},"f":{"0":22,"1":4},"b":{},"_coverageSchema":"1a1c01bbd47fc00a2c39e90264f33305004495a9","hash":"280130563595667fb0ee8a7151c7343b5afaf905"}
,"C:\\Users\\Asus\\Desktop\\HCK82\\FASE 2\\W3\\IP-FIKRI\\server\\helpers\\dataLoader.js": {"path":"C:\\Users\\Asus\\Desktop\\HCK82\\FASE 2\\W3\\IP-FIKRI\\server\\helpers\\dataLoader.js","statementMap":{"0":{"start":{"line":1,"column":11},"end":{"line":1,"column":24}},"1":{"start":{"line":2,"column":13},"end":{"line":2,"column":28}},"2":{"start":{"line":6,"column":4},"end":{"line":41,"column":5}},"3":{"start":{"line":8,"column":26},"end":{"line":13,"column":7}},"4":{"start":{"line":16,"column":25},"end":{"line":16,"column":27}},"5":{"start":{"line":17,"column":6},"end":{"line":19,"column":9}},"6":{"start":{"line":18,"column":8},"end":{"line":18,"column":45}},"7":{"start":{"line":21,"column":6},"end":{"line":21,"column":24}},"8":{"start":{"line":23,"column":6},"end":{"line":23,"column":58}},"9":{"start":{"line":25,"column":6},"end":{"line":40,"column":8}},"10":{"start":{"line":45,"column":4},"end":{"line":82,"column":5}},"11":{"start":{"line":47,"column":27},"end":{"line":57,"column":7}},"12":{"start":{"line":60,"column":26},"end":{"line":60,"column":28}},"13":{"start":{"line":61,"column":6},"end":{"line":63,"column":9}},"14":{"start":{"line":62,"column":8},"end":{"line":62,"column":47}},"15":{"start":{"line":65,"column":6},"end":{"line":65,"column":25}},"16":{"start":{"line":67,"column":6},"end":{"line":67,"column":59}},"17":{"start":{"line":69,"column":6},"end":{"line":81,"column":8}},"18":{"start":{"line":87,"column":4},"end":{"line":107,"column":5}},"19":{"start":{"line":89,"column":6},"end":{"line":94,"column":8}},"20":{"start":{"line":96,"column":6},"end":{"line":96,"column":58}},"21":{"start":{"line":98,"column":6},"end":{"line":106,"column":8}},"22":{"start":{"line":112,"column":4},"end":{"line":137,"column":5}},"23":{"start":{"line":114,"column":6},"end":{"line":124,"column":8}},"24":{"start":{"line":126,"column":6},"end":{"line":126,"column":59}},"25":{"start":{"line":128,"column":6},"end":{"line":136,"column":8}},"26":{"start":{"line":141,"column":0},"end":{"line":141,"column":28}}},"fnMap":{"0":{"name":"(anonymous_0)","decl":{"start":{"line":5,"column":2},"end":{"line":5,"column":3}},"loc":{"start":{"line":5,"column":26},"end":{"line":42,"column":3}},"line":5},"1":{"name":"(anonymous_1)","decl":{"start":{"line":17,"column":26},"end":{"line":17,"column":27}},"loc":{"start":{"line":17,"column":36},"end":{"line":19,"column":7}},"line":17},"2":{"name":"(anonymous_2)","decl":{"start":{"line":44,"column":2},"end":{"line":44,"column":3}},"loc":{"start":{"line":44,"column":27},"end":{"line":83,"column":3}},"line":44},"3":{"name":"(anonymous_3)","decl":{"start":{"line":61,"column":27},"end":{"line":61,"column":28}},"loc":{"start":{"line":61,"column":37},"end":{"line":63,"column":7}},"line":61},"4":{"name":"(anonymous_4)","decl":{"start":{"line":86,"column":2},"end":{"line":86,"column":3}},"loc":{"start":{"line":86,"column":27},"end":{"line":108,"column":3}},"line":86},"5":{"name":"(anonymous_5)","decl":{"start":{"line":111,"column":2},"end":{"line":111,"column":3}},"loc":{"start":{"line":111,"column":28},"end":{"line":138,"column":3}},"line":111}},"branchMap":{},"s":{"0":12,"1":12,"2":14,"3":14,"4":12,"5":12,"6":2049,"7":12,"8":2,"9":2,"10":13,"11":13,"12":12,"13":12,"14":641,"15":12,"16":1,"17":1,"18":0,"19":0,"20":0,"21":0,"22":0,"23":0,"24":0,"25":0,"26":12},"f":{"0":14,"1":2049,"2":13,"3":641,"4":0,"5":0},"b":{},"_coverageSchema":"1a1c01bbd47fc00a2c39e90264f33305004495a9","hash":"f03474c77248786a0c0c3ebee423ab6689ff00f5"}
,"C:\\Users\\Asus\\Desktop\\HCK82\\FASE 2\\W3\\IP-FIKRI\\server\\helpers\\gemini.js": {"path":"C:\\Users\\Asus\\Desktop\\HCK82\\FASE 2\\W3\\IP-FIKRI\\server\\helpers\\gemini.js","statementMap":{"0":{"start":{"line":5,"column":4},"end":{"line":5,"column":36}},"1":{"start":{"line":9,"column":19},"end":{"line":9,"column":41}},"2":{"start":{"line":11,"column":4},"end":{"line":16,"column":5}},"3":{"start":{"line":12,"column":6},"end":{"line":15,"column":8}},"4":{"start":{"line":18,"column":4},"end":{"line":74,"column":5}},"5":{"start":{"line":20,"column":20},"end":{"line":20,"column":50}},"6":{"start":{"line":23,"column":28},"end":{"line":28,"column":7}},"7":{"start":{"line":31,"column":31},"end":{"line":31,"column":62}},"8":{"start":{"line":34,"column":29},"end":{"line":51,"column":7}},"9":{"start":{"line":55,"column":20},"end":{"line":59,"column":8}},"10":{"start":{"line":62,"column":21},"end":{"line":62,"column":56}},"11":{"start":{"line":63,"column":23},"end":{"line":63,"column":44}},"12":{"start":{"line":66,"column":6},"end":{"line":66,"column":29}},"13":{"start":{"line":68,"column":6},"end":{"line":68,"column":48}},"14":{"start":{"line":70,"column":6},"end":{"line":73,"column":8}},"15":{"start":{"line":78,"column":19},"end":{"line":78,"column":95}},"16":{"start":{"line":81,"column":19},"end":{"line":86,"column":5}},"17":{"start":{"line":88,"column":4},"end":{"line":88,"column":54}},"18":{"start":{"line":92,"column":0},"end":{"line":92,"column":30}}},"fnMap":{"0":{"name":"(anonymous_0)","decl":{"start":{"line":8,"column":2},"end":{"line":8,"column":3}},"loc":{"start":{"line":8,"column":52},"end":{"line":75,"column":3}},"line":8},"1":{"name":"(anonymous_1)","decl":{"start":{"line":77,"column":2},"end":{"line":77,"column":3}},"loc":{"start":{"line":77,"column":48},"end":{"line":89,"column":3}},"line":77}},"branchMap":{"0":{"loc":{"start":{"line":8,"column":39},"end":{"line":8,"column":50}},"type":"default-arg","locations":[{"start":{"line":8,"column":48},"end":{"line":8,"column":50}}],"line":8},"1":{"loc":{"start":{"line":11,"column":4},"end":{"line":16,"column":5}},"type":"if","locations":[{"start":{"line":11,"column":4},"end":{"line":16,"column":5}},{"start":{},"end":{}}],"line":11},"2":{"loc":{"start":{"line":72,"column":38},"end":{"line":72,"column":70}},"type":"binary-expr","locations":[{"start":{"line":72,"column":38},"end":{"line":72,"column":51}},{"start":{"line":72,"column":55},"end":{"line":72,"column":70}}],"line":72},"3":{"loc":{"start":{"line":77,"column":31},"end":{"line":77,"column":46}},"type":"default-arg","locations":[{"start":{"line":77,"column":43},"end":{"line":77,"column":46}}],"line":77}},"s":{"0":12,"1":12,"2":12,"3":2,"4":10,"5":10,"6":9,"7":9,"8":9,"9":9,"10":9,"11":3,"12":3,"13":7,"14":7,"15":4,"16":4,"17":4,"18":12},"f":{"0":12,"1":4},"b":{"0":[9],"1":[2,10],"2":[7,0],"3":[2]},"_coverageSchema":"1a1c01bbd47fc00a2c39e90264f33305004495a9","hash":"77618d3acd0c0be3fd8e851a114c0524a45eb2a3"}
,"C:\\Users\\Asus\\Desktop\\HCK82\\FASE 2\\W3\\IP-FIKRI\\server\\helpers\\googleOauth.js": {"path":"C:\\Users\\Asus\\Desktop\\HCK82\\FASE 2\\W3\\IP-FIKRI\\server\\helpers\\googleOauth.js","statementMap":{"0":{"start":{"line":1,"column":25},"end":{"line":1,"column":55}},"1":{"start":{"line":4,"column":15},"end":{"line":4,"column":61}},"2":{"start":{"line":8,"column":2},"end":{"line":24,"column":3}},"3":{"start":{"line":9,"column":19},"end":{"line":12,"column":6}},"4":{"start":{"line":14,"column":20},"end":{"line":14,"column":39}},"5":{"start":{"line":16,"column":4},"end":{"line":20,"column":6}},"6":{"start":{"line":22,"column":4},"end":{"line":22,"column":58}},"7":{"start":{"line":23,"column":4},"end":{"line":23,"column":68}},"8":{"start":{"line":27,"column":0},"end":{"line":27,"column":39}}},"fnMap":{"0":{"name":"verifyGoogleToken","decl":{"start":{"line":7,"column":15},"end":{"line":7,"column":32}},"loc":{"start":{"line":7,"column":40},"end":{"line":25,"column":1}},"line":7}},"branchMap":{},"s":{"0":9,"1":9,"2":0,"3":0,"4":0,"5":0,"6":0,"7":0,"8":9},"f":{"0":0},"b":{},"_coverageSchema":"1a1c01bbd47fc00a2c39e90264f33305004495a9","hash":"d47344f5d94e229d8c820bd24cdd2517b1cf6dcf"}
,"C:\\Users\\Asus\\Desktop\\HCK82\\FASE 2\\W3\\IP-FIKRI\\server\\helpers\\jwt.js": {"path":"C:\\Users\\Asus\\Desktop\\HCK82\\FASE 2\\W3\\IP-FIKRI\\server\\helpers\\jwt.js","statementMap":{"0":{"start":{"line":1,"column":25},"end":{"line":1,"column":48}},"1":{"start":{"line":6,"column":19},"end":{"line":6,"column":62}},"2":{"start":{"line":11,"column":2},"end":{"line":11,"column":41}},"3":{"start":{"line":17,"column":2},"end":{"line":17,"column":35}},"4":{"start":{"line":20,"column":0},"end":{"line":23,"column":2}}},"fnMap":{"0":{"name":"signToken","decl":{"start":{"line":10,"column":9},"end":{"line":10,"column":18}},"loc":{"start":{"line":10,"column":34},"end":{"line":12,"column":1}},"line":10},"1":{"name":"verifyToken","decl":{"start":{"line":16,"column":9},"end":{"line":16,"column":20}},"loc":{"start":{"line":16,"column":28},"end":{"line":18,"column":1}},"line":16}},"branchMap":{"0":{"loc":{"start":{"line":6,"column":19},"end":{"line":6,"column":62}},"type":"binary-expr","locations":[{"start":{"line":6,"column":19},"end":{"line":6,"column":41}},{"start":{"line":6,"column":45},"end":{"line":6,"column":62}}],"line":6}},"s":{"0":12,"1":12,"2":13,"3":52,"4":12},"f":{"0":13,"1":52},"b":{"0":[12,3]},"_coverageSchema":"1a1c01bbd47fc00a2c39e90264f33305004495a9","hash":"1bae78af6226775158e4ced96a64041ea4dc1468"}
,"C:\\Users\\Asus\\Desktop\\HCK82\\FASE 2\\W3\\IP-FIKRI\\server\\middlewares\\authentication.js": {"path":"C:\\Users\\Asus\\Desktop\\HCK82\\FASE 2\\W3\\IP-FIKRI\\server\\middlewares\\authentication.js","statementMap":{"0":{"start":{"line":1,"column":24},"end":{"line":1,"column":49}},"1":{"start":{"line":2,"column":17},"end":{"line":2,"column":37}},"2":{"start":{"line":5,"column":2},"end":{"line":39,"column":3}},"3":{"start":{"line":6,"column":30},"end":{"line":6,"column":41}},"4":{"start":{"line":8,"column":4},"end":{"line":10,"column":5}},"5":{"start":{"line":9,"column":6},"end":{"line":9,"column":63}},"6":{"start":{"line":12,"column":21},"end":{"line":12,"column":45}},"7":{"start":{"line":13,"column":22},"end":{"line":13,"column":33}},"8":{"start":{"line":14,"column":23},"end":{"line":14,"column":34}},"9":{"start":{"line":16,"column":4},"end":{"line":18,"column":5}},"10":{"start":{"line":17,"column":6},"end":{"line":17,"column":63}},"11":{"start":{"line":20,"column":19},"end":{"line":20,"column":42}},"12":{"start":{"line":23,"column":17},"end":{"line":23,"column":47}},"13":{"start":{"line":25,"column":4},"end":{"line":27,"column":5}},"14":{"start":{"line":26,"column":6},"end":{"line":26,"column":63}},"15":{"start":{"line":29,"column":4},"end":{"line":32,"column":6}},"16":{"start":{"line":34,"column":4},"end":{"line":34,"column":11}},"17":{"start":{"line":38,"column":4},"end":{"line":38,"column":16}},"18":{"start":{"line":42,"column":0},"end":{"line":42,"column":32}}},"fnMap":{"0":{"name":"authentication","decl":{"start":{"line":4,"column":15},"end":{"line":4,"column":29}},"loc":{"start":{"line":4,"column":46},"end":{"line":40,"column":1}},"line":4}},"branchMap":{"0":{"loc":{"start":{"line":8,"column":4},"end":{"line":10,"column":5}},"type":"if","locations":[{"start":{"line":8,"column":4},"end":{"line":10,"column":5}},{"start":{},"end":{}}],"line":8},"1":{"loc":{"start":{"line":16,"column":4},"end":{"line":18,"column":5}},"type":"if","locations":[{"start":{"line":16,"column":4},"end":{"line":18,"column":5}},{"start":{},"end":{}}],"line":16},"2":{"loc":{"start":{"line":16,"column":8},"end":{"line":16,"column":45}},"type":"binary-expr","locations":[{"start":{"line":16,"column":8},"end":{"line":16,"column":30}},{"start":{"line":16,"column":34},"end":{"line":16,"column":45}}],"line":16},"3":{"loc":{"start":{"line":25,"column":4},"end":{"line":27,"column":5}},"type":"if","locations":[{"start":{"line":25,"column":4},"end":{"line":27,"column":5}},{"start":{},"end":{}}],"line":25}},"s":{"0":12,"1":12,"2":59,"3":59,"4":59,"5":5,"6":54,"7":54,"8":54,"9":54,"10":2,"11":52,"12":51,"13":51,"14":1,"15":50,"16":50,"17":9,"18":10},"f":{"0":59},"b":{"0":[5,54],"1":[2,52],"2":[54,52],"3":[1,50]},"_coverageSchema":"1a1c01bbd47fc00a2c39e90264f33305004495a9","hash":"5fbddd6a24f378b14f803041d7baa01949ee8b00"}
,"C:\\Users\\Asus\\Desktop\\HCK82\\FASE 2\\W3\\IP-FIKRI\\server\\middlewares\\authorization.js": {"path":"C:\\Users\\Asus\\Desktop\\HCK82\\FASE 2\\W3\\IP-FIKRI\\server\\middlewares\\authorization.js","statementMap":{"0":{"start":{"line":1,"column":23},"end":{"line":1,"column":43}},"1":{"start":{"line":4,"column":2},"end":{"line":30,"column":3}},"2":{"start":{"line":5,"column":25},"end":{"line":5,"column":39}},"3":{"start":{"line":8,"column":23},"end":{"line":8,"column":62}},"4":{"start":{"line":10,"column":4},"end":{"line":14,"column":5}},"5":{"start":{"line":11,"column":6},"end":{"line":13,"column":9}},"6":{"start":{"line":17,"column":4},"end":{"line":21,"column":5}},"7":{"start":{"line":18,"column":6},"end":{"line":20,"column":9}},"8":{"start":{"line":24,"column":4},"end":{"line":24,"column":32}},"9":{"start":{"line":25,"column":4},"end":{"line":25,"column":11}},"10":{"start":{"line":27,"column":4},"end":{"line":29,"column":7}},"11":{"start":{"line":34,"column":2},"end":{"line":49,"column":3}},"12":{"start":{"line":35,"column":19},"end":{"line":35,"column":37}},"13":{"start":{"line":38,"column":4},"end":{"line":42,"column":5}},"14":{"start":{"line":39,"column":6},"end":{"line":41,"column":9}},"15":{"start":{"line":44,"column":4},"end":{"line":44,"column":11}},"16":{"start":{"line":46,"column":4},"end":{"line":48,"column":7}},"17":{"start":{"line":52,"column":0},"end":{"line":52,"column":64}}},"fnMap":{"0":{"name":"collectionAuthorization","decl":{"start":{"line":3,"column":15},"end":{"line":3,"column":38}},"loc":{"start":{"line":3,"column":55},"end":{"line":31,"column":1}},"line":3},"1":{"name":"userAuthorization","decl":{"start":{"line":33,"column":15},"end":{"line":33,"column":32}},"loc":{"start":{"line":33,"column":49},"end":{"line":50,"column":1}},"line":33}},"branchMap":{"0":{"loc":{"start":{"line":10,"column":4},"end":{"line":14,"column":5}},"type":"if","locations":[{"start":{"line":10,"column":4},"end":{"line":14,"column":5}},{"start":{},"end":{}}],"line":10},"1":{"loc":{"start":{"line":17,"column":4},"end":{"line":21,"column":5}},"type":"if","locations":[{"start":{"line":17,"column":4},"end":{"line":21,"column":5}},{"start":{},"end":{}}],"line":17},"2":{"loc":{"start":{"line":38,"column":4},"end":{"line":42,"column":5}},"type":"if","locations":[{"start":{"line":38,"column":4},"end":{"line":42,"column":5}},{"start":{},"end":{}}],"line":38}},"s":{"0":10,"1":21,"2":21,"3":21,"4":21,"5":7,"6":14,"7":3,"8":11,"9":11,"10":0,"11":10,"12":10,"13":10,"14":5,"15":5,"16":0,"17":10},"f":{"0":21,"1":10},"b":{"0":[7,14],"1":[3,11],"2":[5,5]},"_coverageSchema":"1a1c01bbd47fc00a2c39e90264f33305004495a9","hash":"2a8de93b1b3bd8a4935ac2ada42436c325bbeea4"}
,"C:\\Users\\Asus\\Desktop\\HCK82\\FASE 2\\W3\\IP-FIKRI\\server\\middlewares\\errorHandler.js": {"path":"C:\\Users\\Asus\\Desktop\\HCK82\\FASE 2\\W3\\IP-FIKRI\\server\\middlewares\\errorHandler.js","statementMap":{"0":{"start":{"line":2,"column":2},"end":{"line":7,"column":3}},"1":{"start":{"line":6,"column":4},"end":{"line":6,"column":68}},"2":{"start":{"line":9,"column":2},"end":{"line":11,"column":3}},"3":{"start":{"line":10,"column":4},"end":{"line":10,"column":58}},"4":{"start":{"line":13,"column":2},"end":{"line":15,"column":3}},"5":{"start":{"line":14,"column":4},"end":{"line":14,"column":58}},"6":{"start":{"line":17,"column":2},"end":{"line":19,"column":3}},"7":{"start":{"line":18,"column":4},"end":{"line":18,"column":58}},"8":{"start":{"line":21,"column":2},"end":{"line":23,"column":3}},"9":{"start":{"line":22,"column":4},"end":{"line":22,"column":62}},"10":{"start":{"line":25,"column":2},"end":{"line":27,"column":3}},"11":{"start":{"line":26,"column":4},"end":{"line":26,"column":58}},"12":{"start":{"line":29,"column":2},"end":{"line":29,"column":61}},"13":{"start":{"line":32,"column":0},"end":{"line":32,"column":30}}},"fnMap":{"0":{"name":"errorHandler","decl":{"start":{"line":1,"column":9},"end":{"line":1,"column":21}},"loc":{"start":{"line":1,"column":43},"end":{"line":30,"column":1}},"line":1}},"branchMap":{"0":{"loc":{"start":{"line":2,"column":2},"end":{"line":7,"column":3}},"type":"if","locations":[{"start":{"line":2,"column":2},"end":{"line":7,"column":3}},{"start":{},"end":{}}],"line":2},"1":{"loc":{"start":{"line":3,"column":4},"end":{"line":4,"column":49}},"type":"binary-expr","locations":[{"start":{"line":3,"column":4},"end":{"line":3,"column":43}},{"start":{"line":4,"column":4},"end":{"line":4,"column":49}}],"line":3},"2":{"loc":{"start":{"line":9,"column":2},"end":{"line":11,"column":3}},"type":"if","locations":[{"start":{"line":9,"column":2},"end":{"line":11,"column":3}},{"start":{},"end":{}}],"line":9},"3":{"loc":{"start":{"line":13,"column":2},"end":{"line":15,"column":3}},"type":"if","locations":[{"start":{"line":13,"column":2},"end":{"line":15,"column":3}},{"start":{},"end":{}}],"line":13},"4":{"loc":{"start":{"line":17,"column":2},"end":{"line":19,"column":3}},"type":"if","locations":[{"start":{"line":17,"column":2},"end":{"line":19,"column":3}},{"start":{},"end":{}}],"line":17},"5":{"loc":{"start":{"line":21,"column":2},"end":{"line":23,"column":3}},"type":"if","locations":[{"start":{"line":21,"column":2},"end":{"line":23,"column":3}},{"start":{},"end":{}}],"line":21},"6":{"loc":{"start":{"line":25,"column":2},"end":{"line":27,"column":3}},"type":"if","locations":[{"start":{"line":25,"column":2},"end":{"line":27,"column":3}},{"start":{},"end":{}}],"line":25}},"s":{"0":50,"1":11,"2":39,"3":16,"4":23,"5":1,"6":22,"7":13,"8":9,"9":2,"10":7,"11":1,"12":6,"13":10},"f":{"0":50},"b":{"0":[11,39],"1":[50,42],"2":[16,23],"3":[1,22],"4":[13,9],"5":[2,7],"6":[1,6]},"_coverageSchema":"1a1c01bbd47fc00a2c39e90264f33305004495a9","hash":"3e56a54b8cbed499f4d68642d08f1c6289a9793f"}
,"C:\\Users\\Asus\\Desktop\\HCK82\\FASE 2\\W3\\IP-FIKRI\\server\\models\\collection.js": {"path":"C:\\Users\\Asus\\Desktop\\HCK82\\FASE 2\\W3\\IP-FIKRI\\server\\models\\collection.js","statementMap":{"0":{"start":{"line":2,"column":18},"end":{"line":2,"column":38}},"1":{"start":{"line":3,"column":0},"end":{"line":67,"column":2}},"2":{"start":{"line":7,"column":6},"end":{"line":7,"column":66}},"3":{"start":{"line":10,"column":2},"end":{"line":65,"column":4}},"4":{"start":{"line":66,"column":2},"end":{"line":66,"column":20}}},"fnMap":{"0":{"name":"(anonymous_0)","decl":{"start":{"line":3,"column":17},"end":{"line":3,"column":18}},"loc":{"start":{"line":3,"column":43},"end":{"line":67,"column":1}},"line":3},"1":{"name":"(anonymous_1)","decl":{"start":{"line":5,"column":4},"end":{"line":5,"column":5}},"loc":{"start":{"line":5,"column":29},"end":{"line":8,"column":5}},"line":5}},"branchMap":{},"s":{"0":12,"1":12,"2":12,"3":12,"4":12},"f":{"0":12,"1":12},"b":{},"_coverageSchema":"1a1c01bbd47fc00a2c39e90264f33305004495a9","hash":"69d0f80ed0176ae3166ff49f6ab0c88968d8e45c"}
,"C:\\Users\\Asus\\Desktop\\HCK82\\FASE 2\\W3\\IP-FIKRI\\server\\models\\index.js": {"path":"C:\\Users\\Asus\\Desktop\\HCK82\\FASE 2\\W3\\IP-FIKRI\\server\\models\\index.js","statementMap":{"0":{"start":{"line":3,"column":11},"end":{"line":3,"column":24}},"1":{"start":{"line":4,"column":13},"end":{"line":4,"column":28}},"2":{"start":{"line":5,"column":18},"end":{"line":5,"column":38}},"3":{"start":{"line":6,"column":16},"end":{"line":6,"column":34}},"4":{"start":{"line":7,"column":17},"end":{"line":7,"column":42}},"5":{"start":{"line":8,"column":12},"end":{"line":8,"column":49}},"6":{"start":{"line":9,"column":15},"end":{"line":9,"column":65}},"7":{"start":{"line":10,"column":11},"end":{"line":10,"column":13}},"8":{"start":{"line":13,"column":0},"end":{"line":22,"column":1}},"9":{"start":{"line":14,"column":2},"end":{"line":14,"column":74}},"10":{"start":{"line":16,"column":2},"end":{"line":21,"column":4}},"11":{"start":{"line":24,"column":0},"end":{"line":44,"column":5}},"12":{"start":{"line":26,"column":4},"end":{"line":31,"column":6}},"13":{"start":{"line":34,"column":24},"end":{"line":34,"column":59}},"14":{"start":{"line":36,"column":4},"end":{"line":43,"column":5}},"15":{"start":{"line":37,"column":20},"end":{"line":37,"column":63}},"16":{"start":{"line":38,"column":6},"end":{"line":38,"column":29}},"17":{"start":{"line":40,"column":6},"end":{"line":42,"column":8}},"18":{"start":{"line":46,"column":0},"end":{"line":50,"column":3}},"19":{"start":{"line":47,"column":2},"end":{"line":49,"column":3}},"20":{"start":{"line":48,"column":4},"end":{"line":48,"column":32}},"21":{"start":{"line":52,"column":0},"end":{"line":52,"column":25}},"22":{"start":{"line":53,"column":0},"end":{"line":53,"column":25}},"23":{"start":{"line":55,"column":0},"end":{"line":55,"column":20}}},"fnMap":{"0":{"name":"(anonymous_0)","decl":{"start":{"line":25,"column":10},"end":{"line":25,"column":11}},"loc":{"start":{"line":25,"column":20},"end":{"line":32,"column":3}},"line":25},"1":{"name":"(anonymous_1)","decl":{"start":{"line":33,"column":11},"end":{"line":33,"column":12}},"loc":{"start":{"line":33,"column":21},"end":{"line":44,"column":3}},"line":33},"2":{"name":"(anonymous_2)","decl":{"start":{"line":46,"column":24},"end":{"line":46,"column":25}},"loc":{"start":{"line":46,"column":39},"end":{"line":50,"column":1}},"line":46}},"branchMap":{"0":{"loc":{"start":{"line":8,"column":12},"end":{"line":8,"column":49}},"type":"binary-expr","locations":[{"start":{"line":8,"column":12},"end":{"line":8,"column":32}},{"start":{"line":8,"column":36},"end":{"line":8,"column":49}}],"line":8},"1":{"loc":{"start":{"line":13,"column":0},"end":{"line":22,"column":1}},"type":"if","locations":[{"start":{"line":13,"column":0},"end":{"line":22,"column":1}},{"start":{"line":15,"column":7},"end":{"line":22,"column":1}}],"line":13},"2":{"loc":{"start":{"line":27,"column":6},"end":{"line":30,"column":37}},"type":"binary-expr","locations":[{"start":{"line":27,"column":6},"end":{"line":27,"column":29}},{"start":{"line":28,"column":6},"end":{"line":28,"column":23}},{"start":{"line":29,"column":6},"end":{"line":29,"column":30}},{"start":{"line":30,"column":6},"end":{"line":30,"column":37}}],"line":27},"3":{"loc":{"start":{"line":36,"column":4},"end":{"line":43,"column":5}},"type":"if","locations":[{"start":{"line":36,"column":4},"end":{"line":43,"column":5}},{"start":{"line":39,"column":11},"end":{"line":43,"column":5}}],"line":36},"4":{"loc":{"start":{"line":47,"column":2},"end":{"line":49,"column":3}},"type":"if","locations":[{"start":{"line":47,"column":2},"end":{"line":49,"column":3}},{"start":{},"end":{}}],"line":47}},"s":{"0":14,"1":14,"2":14,"3":14,"4":14,"5":14,"6":14,"7":14,"8":14,"9":2,"10":12,"11":12,"12":36,"13":24,"14":24,"15":24,"16":24,"17":0,"18":12,"19":24,"20":24,"21":12,"22":12,"23":12},"f":{"0":36,"1":24,"2":24},"b":{"0":[14,0],"1":[2,12],"2":[36,36,24,24],"3":[24,0],"4":[24,0]},"_coverageSchema":"1a1c01bbd47fc00a2c39e90264f33305004495a9","hash":"f6ce06145270402a7e1f988df28bbfab5ccb52cf"}
,"C:\\Users\\Asus\\Desktop\\HCK82\\FASE 2\\W3\\IP-FIKRI\\server\\models\\user.js": {"path":"C:\\Users\\Asus\\Desktop\\HCK82\\FASE 2\\W3\\IP-FIKRI\\server\\models\\user.js","statementMap":{"0":{"start":{"line":2,"column":18},"end":{"line":2,"column":38}},"1":{"start":{"line":3,"column":25},"end":{"line":3,"column":53}},"2":{"start":{"line":4,"column":0},"end":{"line":65,"column":2}},"3":{"start":{"line":13,"column":6},"end":{"line":13,"column":64}},"4":{"start":{"line":16,"column":2},"end":{"line":59,"column":4}},"5":{"start":{"line":61,"column":2},"end":{"line":63,"column":5}},"6":{"start":{"line":62,"column":4},"end":{"line":62,"column":48}},"7":{"start":{"line":64,"column":2},"end":{"line":64,"column":14}}},"fnMap":{"0":{"name":"(anonymous_0)","decl":{"start":{"line":4,"column":17},"end":{"line":4,"column":18}},"loc":{"start":{"line":4,"column":43},"end":{"line":65,"column":1}},"line":4},"1":{"name":"(anonymous_1)","decl":{"start":{"line":11,"column":4},"end":{"line":11,"column":5}},"loc":{"start":{"line":11,"column":29},"end":{"line":14,"column":5}},"line":11},"2":{"name":"(anonymous_2)","decl":{"start":{"line":61,"column":20},"end":{"line":61,"column":21}},"loc":{"start":{"line":61,"column":30},"end":{"line":63,"column":3}},"line":61}},"branchMap":{},"s":{"0":12,"1":12,"2":12,"3":12,"4":12,"5":12,"6":22,"7":12},"f":{"0":12,"1":12,"2":22},"b":{},"_coverageSchema":"1a1c01bbd47fc00a2c39e90264f33305004495a9","hash":"f87cbfc138f13cda9b2ccd479d8b801ef8a2e31d"}
}
