TN:
SF:app.js
FN:27,(anonymous_0)
FNF:1
FNH:1
FNDA:3,(anonymous_0)
DA:1,14
DA:2,12
DA:5,14
DA:6,14
DA:7,14
DA:8,12
DA:9,12
DA:10,12
DA:14,12
DA:16,12
DA:17,12
DA:18,12
DA:19,12
DA:22,12
DA:24,12
DA:25,12
DA:27,12
DA:28,3
DA:32,12
DA:35,12
DA:38,12
DA:41,12
DA:44,12
DA:45,12
DA:50,12
DA:55,12
DA:60,12
DA:67,12
DA:70,12
DA:71,12
DA:74,12
DA:76,12
LF:32
LH:32
BRDA:1,0,0,12
BRDA:1,0,1,2
BRF:2
BRH:2
end_of_record
TN:
SF:show-coverage.js
FN:10,extractCoverageSummary
FN:24,formatCoverageSummary
FN:39,(anonymous_2)
FN:41,(anonymous_3)
FN:64,showCoverage
FNF:5
FNH:2
FNDA:3,extractCoverageSummary
FNDA:0,formatCoverageSummary
FNDA:0,(anonymous_2)
FNDA:0,(anonymous_3)
FNDA:3,showCoverage
DA:2,3
DA:3,3
DA:12,3
DA:13,0
DA:14,0
DA:16,0
DA:25,0
DA:26,0
DA:27,0
DA:30,0
DA:33,0
DA:36,0
DA:39,0
DA:41,0
DA:42,0
DA:43,0
DA:44,0
DA:45,0
DA:46,0
DA:48,0
DA:52,0
DA:56,0
DA:58,0
DA:65,3
DA:66,3
DA:67,3
DA:68,3
DA:71,3
DA:72,0
DA:73,0
DA:75,3
DA:77,3
DA:79,3
DA:83,3
DA:86,0
DA:87,0
DA:88,0
DA:90,0
DA:95,3
DA:98,0
DA:101,0
DA:104,0
DA:105,0
DA:106,0
DA:107,0
DA:111,0
DA:113,0
DA:118,0
DA:119,0
DA:120,0
DA:121,0
DA:122,0
DA:123,0
DA:124,0
DA:126,3
DA:131,3
LF:56
LH:15
BRDA:13,0,0,0
BRDA:13,0,1,0
BRDA:43,1,0,0
BRDA:43,1,1,0
BRDA:45,2,0,0
BRDA:45,2,1,0
BRDA:71,3,0,0
BRDA:71,3,1,3
BRDA:86,4,0,0
BRDA:86,4,1,0
BRDA:104,5,0,0
BRDA:104,5,1,0
BRF:12
BRH:1
end_of_record
TN:
SF:controllers\AuthController.js
FN:7,(anonymous_0)
FN:21,(anonymous_1)
FN:50,(anonymous_2)
FNF:3
FNH:3
FNDA:8,(anonymous_0)
FNDA:10,(anonymous_1)
FNDA:3,(anonymous_2)
DA:1,12
DA:2,12
DA:3,12
DA:4,12
DA:8,8
DA:9,8
DA:10,8
DA:12,2
DA:17,6
DA:22,10
DA:23,10
DA:25,10
DA:26,2
DA:29,8
DA:30,2
DA:33,6
DA:35,6
DA:36,4
DA:39,2
DA:44,2
DA:46,8
DA:51,3
DA:52,3
DA:54,3
DA:55,1
DA:59,2
DA:62,1
DA:65,1
DA:67,1
DA:69,1
DA:76,1
DA:81,1
DA:83,2
DA:88,12
LF:34
LH:34
BRDA:25,0,0,2
BRDA:25,0,1,8
BRDA:29,1,0,2
BRDA:29,1,1,6
BRDA:35,2,0,4
BRDA:35,2,1,2
BRDA:35,3,0,6
BRDA:35,3,1,4
BRDA:54,4,0,1
BRDA:54,4,1,2
BRDA:65,5,0,1
BRDA:65,5,1,0
BRF:12
BRH:11
end_of_record
TN:
SF:controllers\CollectionController.js
FN:4,(anonymous_0)
FN:17,(anonymous_1)
FN:27,(anonymous_2)
FN:46,(anonymous_3)
FN:73,(anonymous_4)
FNF:5
FNH:4
FNDA:6,(anonymous_0)
FNDA:4,(anonymous_1)
FNDA:0,(anonymous_2)
FNDA:6,(anonymous_3)
FNDA:6,(anonymous_4)
DA:1,12
DA:5,6
DA:6,6
DA:7,6
DA:9,6
DA:11,3
DA:13,3
DA:18,4
DA:19,4
DA:20,4
DA:21,3
DA:23,1
DA:28,0
DA:29,0
DA:31,0
DA:33,0
DA:34,0
DA:40,0
DA:42,0
DA:47,6
DA:48,6
DA:50,6
DA:51,6
DA:53,6
DA:55,6
DA:56,3
DA:62,3
DA:64,3
DA:69,3
DA:74,6
DA:75,6
DA:77,6
DA:78,6
DA:79,3
DA:85,3
DA:86,3
DA:90,3
DA:95,12
LF:38
LH:31
BRDA:33,0,0,0
BRDA:33,0,1,0
BRDA:55,1,0,3
BRDA:55,1,1,3
BRDA:78,2,0,3
BRDA:78,2,1,3
BRF:6
BRH:4
end_of_record
TN:
SF:controllers\GeminiController.js
FN:4,(anonymous_0)
FN:22,(anonymous_1)
FNF:2
FNH:2
FNDA:4,(anonymous_0)
FNDA:4,(anonymous_1)
DA:1,12
DA:5,4
DA:6,4
DA:8,4
DA:9,2
DA:12,2
DA:14,2
DA:18,2
DA:23,4
DA:24,4
DA:26,4
DA:27,2
DA:30,2
DA:32,2
DA:36,2
DA:41,12
LF:16
LH:16
BRDA:8,0,0,2
BRDA:8,0,1,2
BRDA:26,1,0,2
BRDA:26,1,1,2
BRF:4
BRH:4
end_of_record
TN:
SF:controllers\NewsController.js
FN:7,(anonymous_0)
FN:149,(anonymous_1)
FN:192,(anonymous_2)
FN:198,(anonymous_3)
FN:221,(anonymous_4)
FN:233,(anonymous_5)
FN:250,(anonymous_6)
FN:252,(anonymous_7)
FN:258,(anonymous_8)
FN:267,(anonymous_9)
FN:316,(anonymous_10)
FN:349,(anonymous_11)
FN:384,(anonymous_12)
FN:425,(anonymous_13)
FN:430,(anonymous_14)
FN:440,(anonymous_15)
FN:495,(anonymous_16)
FN:502,(anonymous_17)
FN:509,(anonymous_18)
FN:518,(anonymous_19)
FN:527,(anonymous_20)
FN:536,(anonymous_21)
FN:545,(anonymous_22)
FN:566,(anonymous_23)
FNF:24
FNH:24
FNDA:20,(anonymous_0)
FNDA:21,(anonymous_1)
FNDA:10,(anonymous_2)
FNDA:40,(anonymous_3)
FNDA:13,(anonymous_4)
FNDA:41,(anonymous_5)
FNDA:41,(anonymous_6)
FNDA:41,(anonymous_7)
FNDA:41,(anonymous_8)
FNDA:41,(anonymous_9)
FNDA:34,(anonymous_10)
FNDA:7,(anonymous_11)
FNDA:6,(anonymous_12)
FNDA:4,(anonymous_13)
FNDA:1,(anonymous_14)
FNDA:2,(anonymous_15)
FNDA:32,(anonymous_16)
FNDA:32,(anonymous_17)
FNDA:25,(anonymous_18)
FNDA:8,(anonymous_19)
FNDA:25,(anonymous_20)
FNDA:8,(anonymous_21)
FNDA:9,(anonymous_22)
FNDA:17,(anonymous_23)
DA:1,15
DA:2,15
DA:3,15
DA:4,15
DA:8,20
DA:9,20
DA:10,20
DA:13,20
DA:14,20
DA:16,20
DA:17,2
DA:25,18
DA:26,18
DA:29,18
DA:34,3
DA:41,15
DA:44,15
DA:45,15
DA:46,15
DA:47,15
DA:49,15
DA:54,15
DA:56,15
DA:57,1
DA:58,1
DA:66,14
DA:72,14
DA:74,14
DA:76,14
DA:77,11
DA:84,10
DA:85,10
DA:86,4
DA:94,6
DA:102,6
DA:113,6
DA:119,4
DA:120,4
DA:121,2
DA:122,2
DA:126,4
DA:127,0
DA:128,0
DA:135,4
DA:143,9
DA:144,9
DA:151,21
DA:154,21
DA:164,21
DA:165,20
DA:169,21
DA:173,3
DA:180,17
DA:188,20
DA:198,10
DA:199,40
DA:230,13
DA:232,13
DA:233,41
DA:251,41
DA:252,41
DA:257,13
DA:258,13
DA:259,41
DA:260,41
DA:261,41
DA:262,41
DA:266,41
DA:268,41
DA:277,13
DA:278,6
DA:287,7
DA:299,13
DA:300,1
DA:307,12
DA:310,9
DA:314,7
DA:315,7
DA:316,34
DA:318,7
DA:322,9
DA:326,5
DA:335,10
DA:337,3
DA:339,3
DA:357,7
DA:392,6
DA:427,4
DA:428,4
DA:429,2
DA:430,2
DA:431,2
DA:432,1
DA:437,4
DA:438,4
DA:439,3
DA:440,3
DA:441,3
DA:442,2
DA:446,4
DA:496,32
DA:497,24
DA:498,24
DA:503,32
DA:504,24
DA:505,24
DA:510,25
DA:513,24
DA:516,7
DA:517,7
DA:518,8
DA:519,5
DA:521,2
DA:522,2
DA:528,25
DA:531,24
DA:534,7
DA:535,7
DA:536,8
DA:537,5
DA:539,2
DA:540,2
DA:552,9
DA:553,9
DA:554,9
DA:557,9
DA:566,17
DA:586,15
LF:128
LH:126
BRDA:16,0,0,2
BRDA:16,0,1,18
BRDA:29,1,0,3
BRDA:29,1,1,15
BRDA:30,2,0,18
BRDA:30,2,1,15
BRDA:30,2,2,15
BRDA:56,3,0,1
BRDA:56,3,1,14
BRDA:79,4,0,11
BRDA:79,4,1,4
BRDA:84,5,0,10
BRDA:84,5,1,2
BRDA:85,6,0,4
BRDA:85,6,1,6
BRDA:109,7,0,6
BRDA:109,7,1,6
BRDA:120,8,0,2
BRDA:120,8,1,2
BRDA:126,9,0,0
BRDA:126,9,1,4
BRDA:126,10,0,4
BRDA:126,10,1,2
BRDA:138,11,0,4
BRDA:138,11,1,1
BRDA:164,12,0,20
BRDA:164,12,1,1
BRDA:169,13,0,3
BRDA:169,13,1,17
BRDA:170,14,0,21
BRDA:170,14,1,18
BRDA:201,15,0,40
BRDA:201,15,1,3
BRDA:201,15,2,3
BRDA:204,16,0,40
BRDA:204,16,1,7
BRDA:207,17,0,40
BRDA:207,17,1,8
BRDA:207,17,2,7
BRDA:211,18,0,40
BRDA:211,18,1,7
BRDA:211,18,2,3
BRDA:228,19,0,6
BRDA:235,20,0,41
BRDA:235,20,1,0
BRDA:237,21,0,41
BRDA:237,21,1,0
BRDA:237,21,2,0
BRDA:240,22,0,41
BRDA:240,22,1,7
BRDA:241,23,0,41
BRDA:241,23,1,10
BRDA:242,24,0,41
BRDA:242,24,1,4
BRDA:243,25,0,41
BRDA:243,25,1,4
BRDA:252,26,0,41
BRDA:252,26,1,41
BRDA:252,26,2,41
BRDA:259,27,0,41
BRDA:259,27,1,0
BRDA:260,28,0,41
BRDA:260,28,1,0
BRDA:261,29,0,41
BRDA:261,29,1,10
BRDA:262,30,0,0
BRDA:262,30,1,41
BRDA:268,31,0,41
BRDA:268,31,1,33
BRDA:268,31,2,28
BRDA:268,31,3,28
BRDA:277,32,0,6
BRDA:277,32,1,7
BRDA:299,33,0,1
BRDA:299,33,1,12
BRDA:310,34,0,7
BRDA:310,34,1,2
BRDA:311,35,0,9
BRDA:311,35,1,2
BRDA:322,36,0,5
BRDA:322,36,1,4
BRDA:323,37,0,9
BRDA:323,37,1,9
BRDA:428,38,0,2
BRDA:428,38,1,2
BRDA:431,39,0,1
BRDA:431,39,1,1
BRDA:438,40,0,3
BRDA:438,40,1,1
BRDA:441,41,0,2
BRDA:441,41,1,1
BRDA:496,42,0,8
BRDA:496,42,1,24
BRDA:498,43,0,24
BRDA:498,43,1,14
BRDA:503,44,0,8
BRDA:503,44,1,24
BRDA:505,45,0,24
BRDA:505,45,1,3
BRDA:510,46,0,1
BRDA:510,46,1,24
BRDA:513,47,0,17
BRDA:513,47,1,7
BRDA:519,48,0,3
BRDA:519,48,1,2
BRDA:528,49,0,1
BRDA:528,49,1,24
BRDA:531,50,0,17
BRDA:531,50,1,7
BRDA:537,51,0,3
BRDA:537,51,1,2
BRDA:552,52,0,9
BRDA:552,52,1,0
BRDA:553,53,0,9
BRDA:553,53,1,0
BRDA:554,54,0,9
BRDA:554,54,1,0
BRDA:567,55,0,17
BRDA:567,55,1,0
BRDA:572,56,0,17
BRDA:572,56,1,0
BRDA:572,56,2,0
BRF:122
BRH:109
end_of_record
TN:
SF:helpers\bcrypt.js
FN:2,(anonymous_0)
FN:7,(anonymous_1)
FNF:2
FNH:2
FNDA:24,(anonymous_0)
FNDA:4,(anonymous_1)
DA:1,17
DA:2,17
DA:3,24
DA:4,24
DA:7,17
DA:8,4
DA:11,17
LF:7
LH:7
BRF:0
BRH:0
end_of_record
TN:
SF:helpers\dataLoader.js
FN:5,(anonymous_0)
FN:17,(anonymous_1)
FN:44,(anonymous_2)
FN:61,(anonymous_3)
FN:86,(anonymous_4)
FN:111,(anonymous_5)
FNF:6
FNH:6
FNDA:14,(anonymous_0)
FNDA:2005,(anonymous_1)
FNDA:13,(anonymous_2)
FNDA:641,(anonymous_3)
FNDA:2,(anonymous_4)
FNDA:2,(anonymous_5)
DA:1,16
DA:2,16
DA:6,14
DA:8,14
DA:16,12
DA:17,12
DA:18,2005
DA:21,12
DA:23,2
DA:25,2
DA:45,13
DA:47,13
DA:60,12
DA:61,12
DA:62,641
DA:65,12
DA:67,1
DA:69,1
DA:87,2
DA:89,2
DA:96,1
DA:98,1
DA:112,2
DA:114,2
DA:126,1
DA:128,1
DA:141,16
LF:27
LH:27
BRF:0
BRH:0
end_of_record
TN:
SF:helpers\gemini.js
FN:8,(anonymous_0)
FN:89,(anonymous_1)
FNF:2
FNH:2
FNDA:28,(anonymous_0)
FNDA:9,(anonymous_1)
DA:5,17
DA:9,28
DA:11,28
DA:12,3
DA:13,3
DA:16,25
DA:18,25
DA:21,24
DA:29,24
DA:32,24
DA:52,24
DA:53,24
DA:60,24
DA:61,12
DA:64,8
DA:66,17
DA:72,17
DA:78,17
DA:79,5
DA:80,1
DA:83,18
DA:85,18
DA:90,9
DA:93,9
DA:100,9
DA:104,17
LF:26
LH:26
BRDA:8,0,0,19
BRDA:11,1,0,3
BRDA:11,1,1,25
BRDA:89,2,0,6
BRF:4
BRH:4
end_of_record
TN:
SF:helpers\googleOauth.js
FN:7,verifyGoogleToken
FNF:1
FNH:1
FNDA:3,verifyGoogleToken
DA:1,13
DA:4,13
DA:8,3
DA:9,3
DA:14,3
DA:16,0
DA:22,3
DA:23,3
DA:27,13
LF:9
LH:8
BRF:0
BRH:0
end_of_record
TN:
SF:helpers\jwt.js
FN:10,signToken
FN:16,verifyToken
FNF:2
FNH:2
FNDA:56,signToken
FNDA:85,verifyToken
DA:1,15
DA:6,15
DA:11,56
DA:17,85
DA:20,15
LF:5
LH:5
BRDA:6,0,0,15
BRDA:6,0,1,3
BRF:2
BRH:2
end_of_record
TN:
SF:middlewares\authentication.js
FN:4,authentication
FNF:1
FNH:1
FNDA:92,authentication
DA:1,15
DA:2,15
DA:5,92
DA:6,92
DA:8,92
DA:9,5
DA:12,87
DA:13,87
DA:14,87
DA:16,87
DA:17,2
DA:20,85
DA:23,84
DA:25,84
DA:26,30
DA:29,54
DA:34,54
DA:38,38
DA:42,13
LF:19
LH:19
BRDA:8,0,0,5
BRDA:8,0,1,87
BRDA:16,1,0,2
BRDA:16,1,1,85
BRDA:16,2,0,87
BRDA:16,2,1,85
BRDA:25,3,0,30
BRDA:25,3,1,54
BRF:8
BRH:8
end_of_record
TN:
SF:middlewares\authorization.js
FN:3,collectionAuthorization
FN:33,userAuthorization
FNF:2
FNH:2
FNDA:26,collectionAuthorization
FNDA:11,userAuthorization
DA:1,13
DA:4,26
DA:5,26
DA:8,26
DA:10,25
DA:11,8
DA:17,17
DA:18,4
DA:24,13
DA:25,13
DA:27,1
DA:34,11
DA:35,11
DA:38,11
DA:39,6
DA:44,5
DA:46,0
DA:52,13
LF:18
LH:17
BRDA:10,0,0,8
BRDA:10,0,1,17
BRDA:17,1,0,4
BRDA:17,1,1,13
BRDA:38,2,0,6
BRDA:38,2,1,5
BRF:6
BRH:6
end_of_record
TN:
SF:middlewares\errorHandler.js
FN:1,errorHandler
FNF:1
FNH:1
FNDA:81,errorHandler
DA:2,81
DA:6,11
DA:9,70
DA:10,15
DA:13,55
DA:14,1
DA:17,54
DA:18,43
DA:21,11
DA:22,2
DA:25,9
DA:26,1
DA:29,8
DA:32,13
LF:14
LH:14
BRDA:2,0,0,11
BRDA:2,0,1,70
BRDA:3,1,0,81
BRDA:3,1,1,73
BRDA:9,2,0,15
BRDA:9,2,1,55
BRDA:13,3,0,1
BRDA:13,3,1,54
BRDA:17,4,0,43
BRDA:17,4,1,11
BRDA:21,5,0,2
BRDA:21,5,1,9
BRDA:25,6,0,1
BRDA:25,6,1,8
BRF:14
BRH:14
end_of_record
TN:
SF:migrations\20250428133750-create-user.js
FN:4,(anonymous_0)
FN:31,(anonymous_1)
FNF:2
FNH:0
FNDA:0,(anonymous_0)
FNDA:0,(anonymous_1)
DA:3,0
DA:5,0
DA:32,0
LF:3
LH:0
BRF:0
BRH:0
end_of_record
TN:
SF:migrations\20250429105454-create-collection.js
FN:4,(anonymous_0)
FN:44,(anonymous_1)
FNF:2
FNH:0
FNDA:0,(anonymous_0)
FNDA:0,(anonymous_1)
DA:3,0
DA:5,0
DA:45,0
LF:3
LH:0
BRF:0
BRH:0
end_of_record
TN:
SF:models\collection.js
FN:3,(anonymous_0)
FN:5,(anonymous_1)
FNF:2
FNH:2
FNDA:15,(anonymous_0)
FNDA:15,(anonymous_1)
DA:2,15
DA:3,15
DA:7,15
DA:10,15
DA:66,15
LF:5
LH:5
BRF:0
BRH:0
end_of_record
TN:
SF:models\index.js
FN:25,(anonymous_0)
FN:33,(anonymous_1)
FN:46,(anonymous_2)
FNF:3
FNH:3
FNDA:45,(anonymous_0)
FNDA:30,(anonymous_1)
FNDA:30,(anonymous_2)
DA:3,17
DA:4,17
DA:5,17
DA:6,17
DA:7,17
DA:8,17
DA:9,17
DA:10,17
DA:13,17
DA:14,2
DA:16,15
DA:24,15
DA:26,45
DA:34,30
DA:36,30
DA:37,30
DA:38,30
DA:40,0
DA:46,15
DA:47,30
DA:48,30
DA:52,15
DA:53,15
DA:55,15
LF:24
LH:23
BRDA:8,0,0,17
BRDA:8,0,1,0
BRDA:13,1,0,2
BRDA:13,1,1,15
BRDA:27,2,0,45
BRDA:27,2,1,45
BRDA:27,2,2,30
BRDA:27,2,3,30
BRDA:36,3,0,30
BRDA:36,3,1,0
BRDA:47,4,0,30
BRDA:47,4,1,0
BRF:12
BRH:9
end_of_record
TN:
SF:models\user.js
FN:4,(anonymous_0)
FN:11,(anonymous_1)
FN:61,(anonymous_2)
FNF:3
FNH:3
FNDA:15,(anonymous_0)
FNDA:15,(anonymous_1)
FNDA:24,(anonymous_2)
DA:2,15
DA:3,15
DA:4,15
DA:13,15
DA:16,15
DA:61,15
DA:62,24
DA:64,15
LF:8
LH:8
BRF:0
BRH:0
end_of_record
TN:
SF:seeders\20250428143149-seed-users.js
FN:6,(anonymous_0)
FN:16,(anonymous_1)
FN:24,(anonymous_2)
FNF:3
FNH:0
FNDA:0,(anonymous_0)
FNDA:0,(anonymous_1)
FNDA:0,(anonymous_2)
DA:2,0
DA:5,0
DA:16,0
DA:17,0
DA:18,0
DA:19,0
DA:21,0
DA:32,0
LF:8
LH:0
BRF:0
BRH:0
end_of_record
