TN:
SF:app.js
FN:27,(anonymous_0)
FNF:1
FNH:0
FNDA:0,(anonymous_0)
DA:1,5
DA:2,5
DA:5,5
DA:6,5
DA:7,5
DA:8,5
DA:9,5
DA:10,5
DA:14,5
DA:16,5
DA:17,5
DA:18,5
DA:19,5
DA:22,5
DA:24,5
DA:25,5
DA:27,5
DA:28,0
DA:32,5
DA:35,5
DA:38,5
DA:41,5
DA:44,5
DA:45,5
DA:50,5
DA:55,5
DA:60,5
DA:67,5
DA:70,5
DA:71,5
DA:74,5
DA:76,5
LF:32
LH:31
BRDA:1,0,0,5
BRDA:1,0,1,0
BRF:2
BRH:1
end_of_record
TN:
SF:controllers\AuthController.js
FN:7,(anonymous_0)
FN:21,(anonymous_1)
FN:50,(anonymous_2)
FNF:3
FNH:3
FNDA:3,(anonymous_0)
FNDA:5,(anonymous_1)
FNDA:4,(anonymous_2)
DA:1,5
DA:2,5
DA:3,5
DA:4,5
DA:8,3
DA:9,3
DA:10,3
DA:12,1
DA:17,2
DA:22,5
DA:23,5
DA:25,5
DA:26,1
DA:29,4
DA:30,1
DA:33,3
DA:35,3
DA:36,2
DA:39,1
DA:44,1
DA:46,4
DA:51,4
DA:52,4
DA:54,4
DA:55,1
DA:59,3
DA:62,2
DA:65,2
DA:67,1
DA:69,1
DA:76,2
DA:81,2
DA:83,2
DA:88,5
LF:34
LH:34
BRDA:25,0,0,1
BRDA:25,0,1,4
BRDA:29,1,0,1
BRDA:29,1,1,3
BRDA:35,2,0,2
BRDA:35,2,1,1
BRDA:35,3,0,3
BRDA:35,3,1,2
BRDA:54,4,0,1
BRDA:54,4,1,3
BRDA:65,5,0,1
BRDA:65,5,1,1
BRF:12
BRH:12
end_of_record
TN:
SF:controllers\CollectionController.js
FN:4,(anonymous_0)
FN:25,(anonymous_1)
FN:44,(anonymous_2)
FN:71,(anonymous_3)
FN:111,(anonymous_4)
FNF:5
FNH:5
FNDA:3,(anonymous_0)
FNDA:3,(anonymous_1)
FNDA:3,(anonymous_2)
FNDA:4,(anonymous_3)
FNDA:3,(anonymous_4)
DA:1,5
DA:5,3
DA:7,3
DA:8,1
DA:14,2
DA:15,2
DA:17,2
DA:19,1
DA:21,2
DA:26,3
DA:27,3
DA:30,3
DA:31,1
DA:37,2
DA:38,2
DA:40,1
DA:45,3
DA:46,3
DA:49,3
DA:50,1
DA:56,2
DA:58,2
DA:59,1
DA:65,1
DA:67,2
DA:72,4
DA:73,4
DA:76,4
DA:77,1
DA:84,3
DA:85,1
DA:91,2
DA:93,2
DA:94,1
DA:100,1
DA:102,1
DA:107,3
DA:112,3
DA:113,3
DA:116,3
DA:117,1
DA:123,2
DA:124,2
DA:125,1
DA:131,1
DA:132,1
DA:136,2
DA:141,5
LF:48
LH:48
BRDA:7,0,0,1
BRDA:7,0,1,2
BRDA:7,1,0,3
BRDA:7,1,1,3
BRDA:30,2,0,1
BRDA:30,2,1,2
BRDA:30,3,0,3
BRDA:30,3,1,3
BRDA:49,4,0,1
BRDA:49,4,1,2
BRDA:49,5,0,3
BRDA:49,5,1,2
BRDA:58,6,0,1
BRDA:58,6,1,1
BRDA:76,7,0,1
BRDA:76,7,1,3
BRDA:76,8,0,4
BRDA:76,8,1,3
BRDA:84,9,0,1
BRDA:84,9,1,2
BRDA:84,10,0,3
BRDA:84,10,1,3
BRDA:93,11,0,1
BRDA:93,11,1,1
BRDA:116,12,0,1
BRDA:116,12,1,2
BRDA:116,13,0,3
BRDA:116,13,1,2
BRDA:124,14,0,1
BRDA:124,14,1,1
BRF:30
BRH:30
end_of_record
TN:
SF:controllers\GeminiController.js
FN:4,(anonymous_0)
FN:22,(anonymous_1)
FNF:2
FNH:2
FNDA:4,(anonymous_0)
FNDA:4,(anonymous_1)
DA:1,6
DA:5,4
DA:6,4
DA:8,4
DA:9,2
DA:12,2
DA:14,0
DA:18,4
DA:23,4
DA:24,4
DA:26,4
DA:27,2
DA:30,2
DA:32,0
DA:36,4
DA:41,6
LF:16
LH:14
BRDA:8,0,0,2
BRDA:8,0,1,2
BRDA:26,1,0,2
BRDA:26,1,1,2
BRF:4
BRH:4
end_of_record
TN:
SF:controllers\NewsController.js
FN:7,(anonymous_0)
FN:149,(anonymous_1)
FN:192,(anonymous_2)
FN:198,(anonymous_3)
FN:221,(anonymous_4)
FN:233,(anonymous_5)
FN:250,(anonymous_6)
FN:252,(anonymous_7)
FN:258,(anonymous_8)
FN:267,(anonymous_9)
FN:316,(anonymous_10)
FN:349,(anonymous_11)
FN:384,(anonymous_12)
FN:425,(anonymous_13)
FN:430,(anonymous_14)
FN:440,(anonymous_15)
FN:495,(anonymous_16)
FN:502,(anonymous_17)
FN:509,(anonymous_18)
FN:518,(anonymous_19)
FN:527,(anonymous_20)
FN:536,(anonymous_21)
FN:545,(anonymous_22)
FN:566,(anonymous_23)
FNF:24
FNH:20
FNDA:10,(anonymous_0)
FNDA:5,(anonymous_1)
FNDA:3,(anonymous_2)
FNDA:3,(anonymous_3)
FNDA:2,(anonymous_4)
FNDA:2,(anonymous_5)
FNDA:2,(anonymous_6)
FNDA:2,(anonymous_7)
FNDA:2,(anonymous_8)
FNDA:2,(anonymous_9)
FNDA:1,(anonymous_10)
FNDA:1,(anonymous_11)
FNDA:1,(anonymous_12)
FNDA:2,(anonymous_13)
FNDA:0,(anonymous_14)
FNDA:0,(anonymous_15)
FNDA:6,(anonymous_16)
FNDA:6,(anonymous_17)
FNDA:6,(anonymous_18)
FNDA:0,(anonymous_19)
FNDA:6,(anonymous_20)
FNDA:0,(anonymous_21)
FNDA:1,(anonymous_22)
FNDA:1,(anonymous_23)
DA:1,5
DA:2,5
DA:3,5
DA:4,5
DA:8,10
DA:9,10
DA:10,10
DA:13,10
DA:14,9
DA:16,9
DA:17,1
DA:25,8
DA:26,8
DA:29,8
DA:34,2
DA:41,6
DA:44,6
DA:45,6
DA:46,6
DA:47,6
DA:49,6
DA:54,6
DA:56,6
DA:57,1
DA:58,1
DA:66,5
DA:72,5
DA:74,5
DA:76,5
DA:77,3
DA:84,3
DA:85,3
DA:86,1
DA:94,2
DA:102,2
DA:113,2
DA:119,2
DA:120,2
DA:121,2
DA:122,2
DA:126,2
DA:127,1
DA:128,1
DA:135,1
DA:143,5
DA:144,5
DA:151,5
DA:154,5
DA:164,5
DA:165,5
DA:169,5
DA:173,1
DA:180,4
DA:188,5
DA:198,3
DA:199,3
DA:230,2
DA:232,2
DA:233,2
DA:251,2
DA:252,2
DA:257,2
DA:258,2
DA:259,2
DA:260,2
DA:261,2
DA:262,2
DA:266,2
DA:268,2
DA:277,2
DA:278,1
DA:287,1
DA:299,2
DA:300,0
DA:307,2
DA:310,2
DA:314,1
DA:315,1
DA:316,1
DA:318,1
DA:322,2
DA:326,1
DA:335,2
DA:337,0
DA:339,0
DA:357,1
DA:392,1
DA:427,2
DA:428,2
DA:429,0
DA:430,0
DA:431,0
DA:432,0
DA:437,2
DA:438,2
DA:439,0
DA:440,0
DA:441,0
DA:442,0
DA:446,2
DA:496,6
DA:497,6
DA:498,6
DA:503,6
DA:504,6
DA:505,6
DA:510,6
DA:513,6
DA:516,0
DA:517,0
DA:518,0
DA:519,0
DA:521,0
DA:522,0
DA:528,6
DA:531,6
DA:534,0
DA:535,0
DA:536,0
DA:537,0
DA:539,0
DA:540,0
DA:552,1
DA:553,1
DA:554,1
DA:557,1
DA:566,1
DA:586,5
LF:128
LH:105
BRDA:16,0,0,1
BRDA:16,0,1,8
BRDA:29,1,0,2
BRDA:29,1,1,6
BRDA:30,2,0,8
BRDA:30,2,1,7
BRDA:30,2,2,7
BRDA:56,3,0,1
BRDA:56,3,1,5
BRDA:79,4,0,3
BRDA:79,4,1,1
BRDA:84,5,0,3
BRDA:84,5,1,0
BRDA:85,6,0,1
BRDA:85,6,1,2
BRDA:109,7,0,2
BRDA:109,7,1,2
BRDA:120,8,0,2
BRDA:120,8,1,0
BRDA:126,9,0,1
BRDA:126,9,1,1
BRDA:126,10,0,2
BRDA:126,10,1,2
BRDA:138,11,0,1
BRDA:138,11,1,0
BRDA:164,12,0,5
BRDA:164,12,1,0
BRDA:169,13,0,1
BRDA:169,13,1,4
BRDA:170,14,0,5
BRDA:170,14,1,4
BRDA:201,15,0,3
BRDA:201,15,1,0
BRDA:201,15,2,0
BRDA:204,16,0,3
BRDA:204,16,1,1
BRDA:207,17,0,3
BRDA:207,17,1,3
BRDA:207,17,2,0
BRDA:211,18,0,3
BRDA:211,18,1,3
BRDA:211,18,2,0
BRDA:228,19,0,0
BRDA:235,20,0,2
BRDA:235,20,1,0
BRDA:237,21,0,2
BRDA:237,21,1,0
BRDA:237,21,2,0
BRDA:240,22,0,2
BRDA:240,22,1,0
BRDA:241,23,0,2
BRDA:241,23,1,0
BRDA:242,24,0,2
BRDA:242,24,1,0
BRDA:243,25,0,2
BRDA:243,25,1,0
BRDA:252,26,0,2
BRDA:252,26,1,2
BRDA:252,26,2,2
BRDA:259,27,0,2
BRDA:259,27,1,0
BRDA:260,28,0,2
BRDA:260,28,1,0
BRDA:261,29,0,2
BRDA:261,29,1,0
BRDA:262,30,0,1
BRDA:262,30,1,1
BRDA:268,31,0,2
BRDA:268,31,1,2
BRDA:268,31,2,2
BRDA:268,31,3,2
BRDA:277,32,0,1
BRDA:277,32,1,1
BRDA:299,33,0,0
BRDA:299,33,1,2
BRDA:310,34,0,1
BRDA:310,34,1,1
BRDA:311,35,0,2
BRDA:311,35,1,1
BRDA:322,36,0,1
BRDA:322,36,1,1
BRDA:323,37,0,2
BRDA:323,37,1,2
BRDA:428,38,0,0
BRDA:428,38,1,2
BRDA:431,39,0,0
BRDA:431,39,1,0
BRDA:438,40,0,0
BRDA:438,40,1,2
BRDA:441,41,0,0
BRDA:441,41,1,0
BRDA:496,42,0,0
BRDA:496,42,1,6
BRDA:498,43,0,6
BRDA:498,43,1,0
BRDA:503,44,0,0
BRDA:503,44,1,6
BRDA:505,45,0,6
BRDA:505,45,1,0
BRDA:510,46,0,0
BRDA:510,46,1,6
BRDA:513,47,0,6
BRDA:513,47,1,0
BRDA:519,48,0,0
BRDA:519,48,1,0
BRDA:528,49,0,0
BRDA:528,49,1,6
BRDA:531,50,0,6
BRDA:531,50,1,0
BRDA:537,51,0,0
BRDA:537,51,1,0
BRDA:552,52,0,1
BRDA:552,52,1,0
BRDA:553,53,0,1
BRDA:553,53,1,0
BRDA:554,54,0,1
BRDA:554,54,1,0
BRDA:567,55,0,1
BRDA:567,55,1,0
BRDA:572,56,0,1
BRDA:572,56,1,0
BRDA:572,56,2,0
BRF:122
BRH:78
end_of_record
TN:
SF:helpers\bcrypt.js
FN:2,(anonymous_0)
FN:7,(anonymous_1)
FNF:2
FNH:2
FNDA:2,(anonymous_0)
FNDA:2,(anonymous_1)
DA:1,10
DA:2,10
DA:3,2
DA:4,2
DA:7,10
DA:8,2
DA:11,10
LF:7
LH:7
BRF:0
BRH:0
end_of_record
TN:
SF:helpers\dataLoader.js
FN:5,(anonymous_0)
FN:17,(anonymous_1)
FN:44,(anonymous_2)
FN:61,(anonymous_3)
FN:86,(anonymous_4)
FN:111,(anonymous_5)
FNF:6
FNH:6
FNDA:2,(anonymous_0)
FNDA:3,(anonymous_1)
FNDA:2,(anonymous_2)
FNDA:3,(anonymous_3)
FNDA:2,(anonymous_4)
FNDA:2,(anonymous_5)
DA:1,6
DA:2,6
DA:6,2
DA:8,2
DA:16,1
DA:17,1
DA:18,3
DA:21,1
DA:23,1
DA:25,1
DA:45,2
DA:47,2
DA:60,1
DA:61,1
DA:62,3
DA:65,1
DA:67,1
DA:69,1
DA:87,2
DA:89,2
DA:96,1
DA:98,1
DA:112,2
DA:114,2
DA:126,1
DA:128,1
DA:141,6
LF:27
LH:27
BRF:0
BRH:0
end_of_record
TN:
SF:helpers\gemini.js
FN:8,(anonymous_0)
FN:89,(anonymous_1)
FNF:2
FNH:2
FNDA:5,(anonymous_0)
FNDA:1,(anonymous_1)
DA:5,7
DA:9,5
DA:11,5
DA:12,1
DA:13,1
DA:16,4
DA:18,4
DA:21,4
DA:29,4
DA:32,4
DA:52,4
DA:53,4
DA:60,4
DA:61,1
DA:64,1
DA:66,3
DA:72,3
DA:78,3
DA:79,1
DA:80,1
DA:83,2
DA:85,2
DA:90,1
DA:93,1
DA:100,1
DA:104,7
LF:26
LH:26
BRDA:8,0,0,5
BRDA:11,1,0,1
BRDA:11,1,1,4
BRDA:89,2,0,1
BRF:4
BRH:4
end_of_record
TN:
SF:helpers\googleOauth.js
FN:7,verifyGoogleToken
FNF:1
FNH:1
FNDA:4,verifyGoogleToken
DA:1,7
DA:4,7
DA:8,4
DA:9,4
DA:14,4
DA:16,0
DA:22,4
DA:23,4
DA:27,7
LF:9
LH:8
BRF:0
BRH:0
end_of_record
TN:
SF:helpers\jwt.js
FN:10,signToken
FN:16,verifyToken
FNF:2
FNH:2
FNDA:2,signToken
FNDA:4,verifyToken
DA:1,7
DA:6,7
DA:11,2
DA:17,4
DA:20,7
LF:5
LH:5
BRDA:6,0,0,7
BRDA:6,0,1,2
BRF:2
BRH:2
end_of_record
TN:
SF:middlewares\authentication.js
FN:4,authentication
FNF:1
FNH:1
FNDA:3,authentication
DA:1,2
DA:2,2
DA:5,3
DA:6,3
DA:8,3
DA:9,1
DA:12,2
DA:13,2
DA:14,2
DA:16,2
DA:17,0
DA:20,2
DA:23,0
DA:25,0
DA:26,0
DA:29,0
DA:34,0
DA:38,3
DA:42,2
LF:19
LH:13
BRDA:8,0,0,1
BRDA:8,0,1,2
BRDA:16,1,0,0
BRDA:16,1,1,2
BRDA:16,2,0,2
BRDA:16,2,1,2
BRDA:25,3,0,0
BRDA:25,3,1,0
BRF:8
BRH:5
end_of_record
TN:
SF:middlewares\authorization.js
FN:3,collectionAuthorization
FN:33,userAuthorization
FNF:2
FNH:2
FNDA:4,collectionAuthorization
FNDA:4,userAuthorization
DA:1,6
DA:4,4
DA:5,4
DA:8,4
DA:10,3
DA:11,1
DA:17,2
DA:18,1
DA:24,1
DA:25,1
DA:27,1
DA:34,4
DA:35,4
DA:38,4
DA:39,3
DA:44,1
DA:46,0
DA:52,6
LF:18
LH:17
BRDA:10,0,0,1
BRDA:10,0,1,2
BRDA:17,1,0,1
BRDA:17,1,1,1
BRDA:38,2,0,3
BRDA:38,2,1,1
BRF:6
BRH:6
end_of_record
TN:
SF:middlewares\errorHandler.js
FN:1,errorHandler
FNF:1
FNH:1
FNDA:33,errorHandler
DA:2,33
DA:6,6
DA:9,27
DA:10,15
DA:13,12
DA:14,0
DA:17,12
DA:18,3
DA:21,9
DA:22,0
DA:25,9
DA:26,0
DA:29,9
DA:32,7
LF:14
LH:11
BRDA:2,0,0,6
BRDA:2,0,1,27
BRDA:3,1,0,33
BRDA:3,1,1,30
BRDA:9,2,0,15
BRDA:9,2,1,12
BRDA:13,3,0,0
BRDA:13,3,1,12
BRDA:17,4,0,3
BRDA:17,4,1,9
BRDA:21,5,0,0
BRDA:21,5,1,9
BRDA:25,6,0,0
BRDA:25,6,1,9
BRF:14
BRH:11
end_of_record
TN:
SF:models\collection.js
FN:3,(anonymous_0)
FN:5,(anonymous_1)
FNF:2
FNH:2
FNDA:7,(anonymous_0)
FNDA:7,(anonymous_1)
DA:2,7
DA:3,7
DA:7,7
DA:10,7
DA:66,7
LF:5
LH:5
BRF:0
BRH:0
end_of_record
TN:
SF:models\index.js
FN:25,(anonymous_0)
FN:33,(anonymous_1)
FN:46,(anonymous_2)
FNF:3
FNH:3
FNDA:21,(anonymous_0)
FNDA:14,(anonymous_1)
FNDA:14,(anonymous_2)
DA:3,7
DA:4,7
DA:5,7
DA:6,7
DA:7,7
DA:8,7
DA:9,7
DA:10,7
DA:13,7
DA:14,0
DA:16,7
DA:24,7
DA:26,21
DA:34,14
DA:36,14
DA:37,14
DA:38,14
DA:40,0
DA:46,7
DA:47,14
DA:48,14
DA:52,7
DA:53,7
DA:55,7
LF:24
LH:22
BRDA:8,0,0,7
BRDA:8,0,1,0
BRDA:13,1,0,0
BRDA:13,1,1,7
BRDA:27,2,0,21
BRDA:27,2,1,21
BRDA:27,2,2,14
BRDA:27,2,3,14
BRDA:36,3,0,14
BRDA:36,3,1,0
BRDA:47,4,0,14
BRDA:47,4,1,0
BRF:12
BRH:8
end_of_record
TN:
SF:models\user.js
FN:4,(anonymous_0)
FN:11,(anonymous_1)
FN:61,(anonymous_2)
FNF:3
FNH:2
FNDA:7,(anonymous_0)
FNDA:7,(anonymous_1)
FNDA:0,(anonymous_2)
DA:2,7
DA:3,7
DA:4,7
DA:13,7
DA:16,7
DA:61,7
DA:62,0
DA:64,7
LF:8
LH:7
BRF:0
BRH:0
end_of_record
